[2022-06-13T00:55:00.842] [INFO] default - Trigger Cron Schedule
[2022-06-13T00:55:00.845] [INFO] default - Inizio [2022-06-13 02:55:00]
[2022-06-13T00:55:01.346] [DEBUG] default - [1]_OUT_[45.32][6]
[2022-06-13T00:55:01.854] [DEBUG] default - [2]_OUT_[49.13][6]
[2022-06-13T00:55:02.347] [DEBUG] default - [3]_OUT_[170.85][6]
[2022-06-13T00:55:02.902] [DEBUG] default - [4]_OUT_[27.29][6]
[2022-06-13T00:55:03.387] [DEBUG] default - [5]_OUT_[99.17][6]
[2022-06-13T00:55:03.877] [DEBUG] default - [6]_OUT_[53.31][6]
[2022-06-13T00:55:04.422] [DEBUG] default - [7]_OUT_[68.79][6]
[2022-06-13T00:55:04.927] [DEBUG] default - [8]_OUT_[177.95][6]
[2022-06-13T00:55:05.446] [DEBUG] default - [9]_OUT_[126.01][6]
[2022-06-13T00:55:05.954] [DEBUG] default - [10]_OUT_[396.52][6]
[2022-06-13T00:55:06.454] [DEBUG] default - [11]_OUT_[311.84][6]
[2022-06-13T00:55:06.949] [DEBUG] default - [12]_OUT_[68.93][6]
[2022-06-13T00:55:07.441] [DEBUG] default - [13]_OUT_[192.67][6]
[2022-06-13T00:55:07.946] [DEBUG] default - [14]_OUT_[17.53][6]
[2022-06-13T00:55:08.450] [DEBUG] default - [15]_OUT_[170.97][6]
[2022-06-13T00:55:08.951] [DEBUG] default - [16]_OUT_[120.53][6]
[2022-06-13T00:55:09.500] [DEBUG] default - [17]_OUT_[6.71][6]
[2022-06-13T00:55:09.996] [DEBUG] default - [18]_OUT_[41.43][6]
[2022-06-13T00:56:55.283] [ERROR] default - [ERROR] [inspectToken] [HDrwt5DwmWEjmjgvapKrUYWXk5DyB7wrt8zju56Kv4E4] AxiosError: Request failed with status code 504
[2022-06-13T00:56:59.057] [DEBUG] default - [19]_NFT SPOTTED [16]
[2022-06-13T00:56:59.571] [DEBUG] default - [20]_OUT_[51.70][6]
[2022-06-13T00:57:00.076] [DEBUG] default - [21]_OUT_[200.67][6]
[2022-06-13T00:57:00.561] [DEBUG] default - [22]_OUT_[73.88][6]
[2022-06-13T00:57:01.107] [DEBUG] default - [23]_OUT_[13.93][6]
[2022-06-13T00:57:01.643] [DEBUG] default - [24]_OUT_[7.33][6]
[2022-06-13T00:58:22.210] [ERROR] default - [ERROR] [inspectToken] [AmoqcwsLHM9heQ29dnhdsz2mEcRsLbGYEAMSdiu7zio8] AxiosError: Request failed with status code 504
[2022-06-13T00:58:23.112] [DEBUG] default - [25]_NFT SPOTTED [8]
[2022-06-13T00:58:23.636] [DEBUG] default - [26]_OUT_[301.86][6]
[2022-06-13T00:58:24.136] [DEBUG] default - [27]_OUT_[127.90][6]
[2022-06-13T00:58:24.650] [DEBUG] default - [28]_OUT_[86.46][6]
[2022-06-13T00:58:25.149] [DEBUG] default - [29]_OUT_[36.73][6]
[2022-06-13T00:58:28.097] [DEBUG] default - [30]_NFT SPOTTED [2]
[2022-06-13T00:58:49.026] [DEBUG] default - [33]_OUT_[21.63][6]
[2022-06-13T00:58:49.533] [DEBUG] default - [34]_OUT_[184.23][6]
[2022-06-13T00:59:07.819] [DEBUG] default - [36]_NFT SPOTTED [3]
[2022-06-13T00:59:09.389] [DEBUG] default - [37]_NFT SPOTTED [1]
[2022-06-13T00:59:24.155] [DEBUG] default - [38]_NFT SPOTTED [1]
[2022-06-13T00:59:39.788] [DEBUG] default - [40]_OUT_[96.89][6]
[2022-06-13T00:59:42.983] [DEBUG] default - [42]_NFT SPOTTED [1]
[2022-06-13T00:59:43.478] [DEBUG] default - [43]_OUT_[79.39][6]
[2022-06-13T00:59:43.951] [DEBUG] default - [44]_OUT_[579.71][6]
[2022-06-13T00:59:44.468] [DEBUG] default - [45]_OUT_[430.72][6]
[2022-06-13T00:59:47.902] [DEBUG] default - [47]_OUT_[138.75][6]
[2022-06-13T00:59:50.342] [DEBUG] default - [50]_OUT_[201.29][6]
[2022-06-13T00:59:50.844] [DEBUG] default - [51]_OUT_[17.94][6]
[2022-06-13T01:00:26.438] [DEBUG] default - [54]_NFT SPOTTED [3]
[2022-06-13T01:01:53.889] [ERROR] default - [ERROR] [inspectToken] [GZj6aAR3n8RFUMVMjENQUouYfvqZ7D43eCVTBgkxH92k] AxiosError: Request failed with status code 504
[2022-06-13T01:03:31.793] [DEBUG] default - [58]_NFT SPOTTED [12]
[2022-06-13T01:03:32.305] [DEBUG] default - [59]_OUT_[119.82][6]
[2022-06-13T01:03:32.306] [INFO] default - createNewJson | start 0
[2022-06-13T01:03:32.306] [DEBUG] default - createNewJson | reading path [/home/ubuntu/odaclan-solana/daoInspectorServer/accountData/data.json]
[2022-06-13T01:03:32.306] [DEBUG] default - createNewJson | readed
[2022-06-13T01:03:32.309] [DEBUG] default - createNewJson | parsed
[2022-06-13T01:03:32.309] [DEBUG] default - createNewJson | concat
[2022-06-13T01:03:32.309] [DEBUG] default - createNewJson | remove old | max hours stored [120]
[2022-06-13T01:03:32.313] [DEBUG] default - createNewJson | remove dupe
[2022-06-13T01:03:32.380] [INFO] default - createNewJson | done
[2022-06-13T01:03:32.384] [DEBUG] default - Fine [OLD JSON: 1465] [NEW DATA: 40] [NEW JSON: 1505] [NEW J. NO OLD: 1502] [NEW J. NO DUPE: 1471] [2022-06-13 03:03:32]
[2022-06-13T01:55:00.355] [INFO] default - Trigger Cron Schedule
[2022-06-13T01:55:00.357] [INFO] default - Inizio [2022-06-13 03:55:00]
[2022-06-13T01:55:00.850] [DEBUG] default - [1]_OUT_[46.32][6]
[2022-06-13T01:55:01.342] [DEBUG] default - [2]_OUT_[50.13][6]
[2022-06-13T01:55:01.904] [DEBUG] default - [3]_OUT_[171.85][6]
[2022-06-13T01:55:02.398] [DEBUG] default - [4]_OUT_[28.29][6]
[2022-06-13T01:55:02.884] [DEBUG] default - [5]_OUT_[100.17][6]
[2022-06-13T01:55:03.447] [DEBUG] default - [6]_OUT_[54.31][6]
[2022-06-13T01:55:03.964] [DEBUG] default - [7]_OUT_[69.79][6]
[2022-06-13T01:55:04.489] [DEBUG] default - [8]_OUT_[178.95][6]
[2022-06-13T01:55:04.992] [DEBUG] default - [9]_OUT_[127.01][6]
[2022-06-13T01:55:05.486] [DEBUG] default - [10]_OUT_[397.52][6]
[2022-06-13T01:55:06.005] [DEBUG] default - [11]_OUT_[312.84][6]
[2022-06-13T01:55:06.497] [DEBUG] default - [12]_OUT_[69.93][6]
[2022-06-13T01:55:07.035] [DEBUG] default - [13]_OUT_[193.67][6]
[2022-06-13T01:55:07.547] [DEBUG] default - [14]_OUT_[18.53][6]
[2022-06-13T01:55:08.055] [DEBUG] default - [15]_OUT_[171.97][6]
[2022-06-13T01:55:08.552] [DEBUG] default - [16]_OUT_[121.53][6]
[2022-06-13T01:55:10.049] [DEBUG] default - [18]_OUT_[42.43][6]
[2022-06-13T01:55:30.258] [DEBUG] default - [19]_NFT SPOTTED [16]
[2022-06-13T01:55:30.729] [DEBUG] default - [20]_OUT_[52.67][6]
[2022-06-13T01:55:31.206] [DEBUG] default - [21]_OUT_[201.64][6]
[2022-06-13T01:55:31.693] [DEBUG] default - [22]_OUT_[74.86][6]
[2022-06-13T01:55:32.175] [DEBUG] default - [23]_OUT_[14.90][6]
[2022-06-13T01:55:32.675] [DEBUG] default - [24]_OUT_[8.30][6]
[2022-06-13T01:55:50.659] [DEBUG] default - [25]_NFT SPOTTED [8]
[2022-06-13T01:55:51.159] [DEBUG] default - [26]_OUT_[302.82][6]
[2022-06-13T01:55:51.663] [DEBUG] default - [27]_OUT_[128.86][6]
[2022-06-13T01:55:52.185] [DEBUG] default - [28]_OUT_[87.42][6]
[2022-06-13T01:55:52.674] [DEBUG] default - [29]_OUT_[37.69][6]
[2022-06-13T01:55:54.263] [DEBUG] default - [30]_NFT SPOTTED [1]
[2022-06-13T01:56:15.511] [DEBUG] default - [33]_OUT_[22.59][6]
[2022-06-13T01:56:16.040] [DEBUG] default - [34]_OUT_[185.19][6]
[2022-06-13T01:56:33.788] [DEBUG] default - [36]_NFT SPOTTED [3]
[2022-06-13T01:56:35.385] [DEBUG] default - [37]_NFT SPOTTED [1]
[2022-06-13T01:56:50.311] [DEBUG] default - [38]_NFT SPOTTED [1]
[2022-06-13T01:57:05.090] [DEBUG] default - [40]_OUT_[97.85][6]
[2022-06-13T01:57:08.134] [DEBUG] default - [42]_NFT SPOTTED [1]
[2022-06-13T01:57:08.628] [DEBUG] default - [43]_OUT_[80.35][6]
[2022-06-13T01:57:09.100] [DEBUG] default - [44]_OUT_[580.67][6]
[2022-06-13T01:57:09.580] [DEBUG] default - [45]_OUT_[431.68][6]
[2022-06-13T01:57:12.905] [DEBUG] default - [47]_OUT_[139.70][6]
[2022-06-13T01:57:15.371] [DEBUG] default - [50]_OUT_[202.25][6]
[2022-06-13T01:57:45.831] [DEBUG] default - [54]_NFT SPOTTED [4]
[2022-06-13T01:59:04.866] [ERROR] default - [ERROR] [inspectToken] [AEwByewXXdNRjJAk5e4uBK83DzXaehVSiG7pyyJhrKfA] AxiosError: Request failed with status code 504
[2022-06-13T01:59:15.538] [DEBUG] default - [58]_NFT SPOTTED [12]
[2022-06-13T01:59:16.031] [DEBUG] default - [59]_OUT_[120.75][6]
[2022-06-13T01:59:16.031] [INFO] default - createNewJson | start 0
[2022-06-13T01:59:16.031] [DEBUG] default - createNewJson | reading path [/home/ubuntu/odaclan-solana/daoInspectorServer/accountData/data.json]
[2022-06-13T01:59:16.031] [DEBUG] default - createNewJson | readed
[2022-06-13T01:59:16.034] [DEBUG] default - createNewJson | parsed
[2022-06-13T01:59:16.034] [DEBUG] default - createNewJson | concat
[2022-06-13T01:59:16.034] [DEBUG] default - createNewJson | remove old | max hours stored [120]
[2022-06-13T01:59:16.038] [DEBUG] default - createNewJson | remove dupe
[2022-06-13T01:59:16.075] [INFO] default - createNewJson | done
[2022-06-13T01:59:16.079] [DEBUG] default - Fine [OLD JSON: 1471] [NEW DATA: 42] [NEW JSON: 1513] [NEW J. NO OLD: 1505] [NEW J. NO DUPE: 1466] [2022-06-13 03:59:16]
[2022-06-13T02:55:00.468] [INFO] default - Trigger Cron Schedule
[2022-06-13T02:55:00.470] [INFO] default - Inizio [2022-06-13 04:55:00]
[2022-06-13T02:55:00.956] [DEBUG] default - [1]_OUT_[47.32][6]
[2022-06-13T02:55:01.446] [DEBUG] default - [2]_OUT_[51.13][6]
[2022-06-13T02:55:01.942] [DEBUG] default - [3]_OUT_[172.85][6]
[2022-06-13T02:55:02.438] [DEBUG] default - [4]_OUT_[29.29][6]
[2022-06-13T02:55:02.925] [DEBUG] default - [5]_OUT_[101.17][6]
[2022-06-13T02:55:03.423] [DEBUG] default - [6]_OUT_[55.31][6]
[2022-06-13T02:55:03.914] [DEBUG] default - [7]_OUT_[70.79][6]
[2022-06-13T02:55:04.416] [DEBUG] default - [8]_OUT_[179.95][6]
[2022-06-13T02:55:04.910] [DEBUG] default - [9]_OUT_[128.01][6]
[2022-06-13T02:55:05.393] [DEBUG] default - [10]_OUT_[398.52][6]
[2022-06-13T02:55:05.947] [DEBUG] default - [11]_OUT_[313.84][6]
[2022-06-13T02:55:06.445] [DEBUG] default - [12]_OUT_[70.93][6]
[2022-06-13T02:55:06.945] [DEBUG] default - [13]_OUT_[194.67][6]
[2022-06-13T02:55:07.432] [DEBUG] default - [14]_OUT_[19.53][6]
[2022-06-13T02:55:07.930] [DEBUG] default - [15]_OUT_[172.96][6]
[2022-06-13T02:55:08.420] [DEBUG] default - [16]_OUT_[122.53][6]
[2022-06-13T02:55:09.906] [DEBUG] default - [18]_OUT_[43.43][6]
[2022-06-13T02:55:29.716] [DEBUG] default - [19]_NFT SPOTTED [15]
[2022-06-13T02:55:30.205] [DEBUG] default - [20]_OUT_[53.67][6]
[2022-06-13T02:55:30.712] [DEBUG] default - [21]_OUT_[202.64][6]
[2022-06-13T02:55:35.634] [DEBUG] default - [22]_NFT SPOTTED [2]
[2022-06-13T02:55:36.135] [DEBUG] default - [23]_OUT_[15.90][6]
[2022-06-13T02:55:36.615] [DEBUG] default - [24]_OUT_[9.31][6]
[2022-06-13T02:55:51.902] [DEBUG] default - [25]_NFT SPOTTED [8]
[2022-06-13T02:55:52.419] [DEBUG] default - [26]_OUT_[303.82][6]
[2022-06-13T02:55:52.907] [DEBUG] default - [27]_OUT_[129.86][6]
[2022-06-13T02:55:53.439] [DEBUG] default - [28]_OUT_[88.42][6]
[2022-06-13T02:55:53.955] [DEBUG] default - [29]_OUT_[38.69][6]
[2022-06-13T02:55:55.556] [DEBUG] default - [30]_NFT SPOTTED [1]
[2022-06-13T02:56:11.817] [DEBUG] default - [31]_NFT SPOTTED [3]
[2022-06-13T02:56:17.955] [DEBUG] default - [33]_OUT_[23.59][6]
[2022-06-13T02:56:18.449] [DEBUG] default - [34]_OUT_[186.19][6]
[2022-06-13T02:56:31.443] [DEBUG] default - [36]_NFT SPOTTED [2]
[2022-06-13T02:56:33.083] [DEBUG] default - [37]_NFT SPOTTED [1]
[2022-06-13T02:56:47.891] [DEBUG] default - [38]_NFT SPOTTED [1]
[2022-06-13T02:56:49.352] [DEBUG] default - [40]_OUT_[98.84][6]
[2022-06-13T02:56:58.407] [DEBUG] default - [42]_NFT SPOTTED [1]
[2022-06-13T02:56:58.896] [DEBUG] default - [43]_OUT_[81.35][6]
[2022-06-13T02:56:59.390] [DEBUG] default - [44]_OUT_[581.67][6]
[2022-06-13T02:56:59.892] [DEBUG] default - [45]_OUT_[432.68][6]
[2022-06-13T02:57:03.241] [DEBUG] default - [47]_OUT_[140.70][6]
[2022-06-13T02:57:05.642] [DEBUG] default - [50]_OUT_[203.24][6]
[2022-06-13T02:57:32.777] [DEBUG] default - [54]_NFT SPOTTED [4]
[2022-06-13T02:57:34.298] [DEBUG] default - [56]_OUT_[6.12][6]
[2022-06-13T02:58:01.893] [DEBUG] default - [58]_NFT SPOTTED [12]
[2022-06-13T02:58:02.378] [DEBUG] default - [59]_OUT_[121.73][6]
[2022-06-13T02:58:02.378] [INFO] default - createNewJson | start 0
[2022-06-13T02:58:02.378] [DEBUG] default - createNewJson | reading path [/home/ubuntu/odaclan-solana/daoInspectorServer/accountData/data.json]
[2022-06-13T02:58:02.379] [DEBUG] default - createNewJson | readed
[2022-06-13T02:58:02.382] [DEBUG] default - createNewJson | parsed
[2022-06-13T02:58:02.382] [DEBUG] default - createNewJson | concat
[2022-06-13T02:58:02.382] [DEBUG] default - createNewJson | remove old | max hours stored [120]
[2022-06-13T02:58:02.386] [DEBUG] default - createNewJson | remove dupe
[2022-06-13T02:58:02.450] [INFO] default - createNewJson | done
[2022-06-13T02:58:02.454] [DEBUG] default - Fine [OLD JSON: 1466] [NEW DATA: 46] [NEW JSON: 1512] [NEW J. NO OLD: 1506] [NEW J. NO DUPE: 1465] [2022-06-13 04:58:02]
[2022-06-13T03:55:00.527] [INFO] default - Trigger Cron Schedule
[2022-06-13T03:55:00.530] [INFO] default - Inizio [2022-06-13 05:55:00]
[2022-06-13T03:55:01.012] [DEBUG] default - [1]_OUT_[48.32][6]
[2022-06-13T03:55:01.513] [DEBUG] default - [2]_OUT_[52.13][6]
[2022-06-13T03:55:02.016] [DEBUG] default - [3]_OUT_[173.85][6]
[2022-06-13T03:55:02.511] [DEBUG] default - [4]_OUT_[30.29][6]
[2022-06-13T03:55:03.014] [DEBUG] default - [5]_OUT_[102.17][6]
[2022-06-13T03:55:03.777] [DEBUG] default - [6]_OUT_[56.31][6]
[2022-06-13T03:55:04.309] [DEBUG] default - [7]_OUT_[71.79][6]
[2022-06-13T03:55:04.803] [DEBUG] default - [8]_OUT_[180.95][6]
[2022-06-13T03:55:05.299] [DEBUG] default - [9]_OUT_[129.01][6]
[2022-06-13T03:55:05.824] [DEBUG] default - [10]_OUT_[399.52][6]
[2022-06-13T03:55:06.317] [DEBUG] default - [11]_OUT_[314.84][6]
[2022-06-13T03:55:06.794] [DEBUG] default - [12]_OUT_[71.93][6]
[2022-06-13T03:55:07.287] [DEBUG] default - [13]_OUT_[195.67][6]
[2022-06-13T03:55:07.791] [DEBUG] default - [14]_OUT_[20.53][6]
[2022-06-13T03:55:08.277] [DEBUG] default - [15]_OUT_[173.97][6]
[2022-06-13T03:55:08.761] [DEBUG] default - [16]_OUT_[123.53][6]
[2022-06-13T03:55:10.243] [DEBUG] default - [18]_OUT_[44.43][6]
[2022-06-13T03:55:35.807] [DEBUG] default - [19]_NFT SPOTTED [14]
[2022-06-13T03:55:36.308] [DEBUG] default - [20]_OUT_[54.68][6]
[2022-06-13T03:55:36.787] [DEBUG] default - [21]_OUT_[203.65][6]
[2022-06-13T03:55:41.259] [DEBUG] default - [22]_NFT SPOTTED [2]
[2022-06-13T03:55:41.753] [DEBUG] default - [23]_OUT_[16.90][6]
[2022-06-13T03:55:42.237] [DEBUG] default - [24]_OUT_[10.31][6]
[2022-06-13T03:55:57.479] [DEBUG] default - [25]_NFT SPOTTED [8]
[2022-06-13T03:55:57.954] [DEBUG] default - [26]_OUT_[304.82][6]
[2022-06-13T03:55:58.447] [DEBUG] default - [27]_OUT_[130.86][6]
[2022-06-13T03:55:58.952] [DEBUG] default - [28]_OUT_[89.42][6]
[2022-06-13T03:55:59.458] [DEBUG] default - [29]_OUT_[39.69][6]
[2022-06-13T03:56:01.256] [DEBUG] default - [30]_NFT SPOTTED [1]
[2022-06-13T03:56:17.208] [DEBUG] default - [31]_NFT SPOTTED [3]
[2022-06-13T03:56:38.402] [DEBUG] default - [33]_NFT SPOTTED [2]
[2022-06-13T03:56:38.944] [DEBUG] default - [34]_OUT_[187.20][6]
[2022-06-13T03:56:55.486] [DEBUG] default - [36]_NFT SPOTTED [2]
[2022-06-13T03:56:59.976] [DEBUG] default - [37]_NFT SPOTTED [1]
[2022-06-13T03:57:15.071] [DEBUG] default - [38]_NFT SPOTTED [1]
[2022-06-13T03:57:16.580] [DEBUG] default - [40]_OUT_[99.85][6]
[2022-06-13T03:57:19.661] [DEBUG] default - [42]_NFT SPOTTED [1]
[2022-06-13T03:57:20.160] [DEBUG] default - [43]_OUT_[82.35][6]
[2022-06-13T03:57:20.637] [DEBUG] default - [44]_OUT_[582.67][6]
[2022-06-13T03:57:21.136] [DEBUG] default - [45]_OUT_[433.68][6]
[2022-06-13T03:57:24.534] [DEBUG] default - [47]_OUT_[141.71][6]
[2022-06-13T03:57:27.162] [DEBUG] default - [50]_OUT_[204.25][6]
[2022-06-13T03:57:50.697] [DEBUG] default - [54]_NFT SPOTTED [3]
[2022-06-13T03:57:52.230] [DEBUG] default - [56]_OUT_[7.13][6]
[2022-06-13T03:58:27.790] [DEBUG] default - [58]_NFT SPOTTED [12]
[2022-06-13T03:58:28.298] [DEBUG] default - [59]_OUT_[122.74][6]
[2022-06-13T03:58:28.299] [INFO] default - createNewJson | start 0
[2022-06-13T03:58:28.299] [DEBUG] default - createNewJson | reading path [/home/ubuntu/odaclan-solana/daoInspectorServer/accountData/data.json]
[2022-06-13T03:58:28.299] [DEBUG] default - createNewJson | readed
[2022-06-13T03:58:28.301] [DEBUG] default - createNewJson | parsed
[2022-06-13T03:58:28.301] [DEBUG] default - createNewJson | concat
[2022-06-13T03:58:28.301] [DEBUG] default - createNewJson | remove old | max hours stored [120]
[2022-06-13T03:58:28.306] [DEBUG] default - createNewJson | remove dupe
[2022-06-13T03:58:28.374] [INFO] default - createNewJson | done
[2022-06-13T03:58:28.378] [DEBUG] default - Fine [OLD JSON: 1465] [NEW DATA: 45] [NEW JSON: 1510] [NEW J. NO OLD: 1506] [NEW J. NO DUPE: 1463] [2022-06-13 05:58:28]
[2022-06-13T04:55:00.065] [INFO] default - Trigger Cron Schedule
[2022-06-13T04:55:00.068] [INFO] default - Inizio [2022-06-13 06:55:00]
[2022-06-13T04:55:00.574] [DEBUG] default - [1]_OUT_[49.32][6]
[2022-06-13T04:55:01.072] [DEBUG] default - [2]_OUT_[53.13][6]
[2022-06-13T04:55:01.611] [DEBUG] default - [3]_OUT_[174.85][6]
[2022-06-13T04:55:02.131] [DEBUG] default - [4]_OUT_[31.29][6]
[2022-06-13T04:55:02.683] [DEBUG] default - [5]_OUT_[103.17][6]
[2022-06-13T04:55:03.218] [DEBUG] default - [6]_OUT_[57.31][6]
[2022-06-13T04:55:03.735] [DEBUG] default - [7]_OUT_[72.79][6]
[2022-06-13T04:55:04.272] [DEBUG] default - [8]_OUT_[181.95][6]
[2022-06-13T04:55:04.806] [DEBUG] default - [9]_OUT_[130.01][6]
[2022-06-13T04:55:05.314] [DEBUG] default - [10]_OUT_[400.52][6]
[2022-06-13T04:55:05.860] [DEBUG] default - [11]_OUT_[315.84][6]
[2022-06-13T04:55:06.388] [DEBUG] default - [12]_OUT_[72.93][6]
[2022-06-13T04:55:06.914] [DEBUG] default - [13]_OUT_[196.67][6]
[2022-06-13T04:55:07.444] [DEBUG] default - [14]_OUT_[21.53][6]
[2022-06-13T04:55:07.954] [DEBUG] default - [15]_OUT_[174.96][6]
[2022-06-13T04:55:08.468] [DEBUG] default - [16]_OUT_[124.53][6]
[2022-06-13T04:55:10.034] [DEBUG] default - [18]_OUT_[45.43][6]
[2022-06-13T04:55:29.035] [DEBUG] default - [19]_NFT SPOTTED [11]
[2022-06-13T04:55:29.578] [DEBUG] default - [20]_OUT_[55.67][6]
[2022-06-13T04:55:30.127] [DEBUG] default - [21]_OUT_[204.64][6]
[2022-06-13T04:55:34.889] [DEBUG] default - [22]_NFT SPOTTED [2]
[2022-06-13T04:55:35.398] [DEBUG] default - [23]_OUT_[17.90][6]
[2022-06-13T04:55:35.914] [DEBUG] default - [24]_OUT_[11.31][6]
[2022-06-13T04:55:52.881] [DEBUG] default - [25]_NFT SPOTTED [8]
[2022-06-13T04:55:53.420] [DEBUG] default - [26]_OUT_[305.82][6]
[2022-06-13T04:55:53.938] [DEBUG] default - [27]_OUT_[131.86][6]
[2022-06-13T04:55:54.480] [DEBUG] default - [28]_OUT_[90.42][6]
[2022-06-13T04:55:55.024] [DEBUG] default - [29]_OUT_[40.69][6]
[2022-06-13T04:55:56.673] [DEBUG] default - [30]_NFT SPOTTED [1]
[2022-06-13T04:56:13.902] [DEBUG] default - [31]_NFT SPOTTED [3]
[2022-06-13T04:56:40.513] [DEBUG] default - [33]_NFT SPOTTED [5]
[2022-06-13T04:56:41.057] [DEBUG] default - [34]_OUT_[188.20][6]
[2022-06-13T04:56:53.018] [DEBUG] default - [36]_NFT SPOTTED [1]
[2022-06-13T04:56:57.134] [DEBUG] default - [37]_NFT SPOTTED [1]
[2022-06-13T04:57:12.979] [DEBUG] default - [38]_NFT SPOTTED [1]
[2022-06-13T04:57:14.502] [DEBUG] default - [40]_OUT_[100.85][6]
[2022-06-13T04:57:17.727] [DEBUG] default - [42]_NFT SPOTTED [1]
[2022-06-13T04:57:18.290] [DEBUG] default - [43]_OUT_[83.35][6]
[2022-06-13T04:57:18.819] [DEBUG] default - [44]_OUT_[583.67][6]
[2022-06-13T04:57:19.324] [DEBUG] default - [45]_OUT_[434.68][6]
[2022-06-13T04:57:22.912] [DEBUG] default - [47]_OUT_[142.71][6]
[2022-06-13T04:57:25.557] [DEBUG] default - [50]_OUT_[205.25][6]
[2022-06-13T04:57:42.690] [DEBUG] default - [53]_OUT_[6.39][6]
[2022-06-13T04:57:51.228] [DEBUG] default - [54]_NFT SPOTTED [3]
[2022-06-13T04:57:52.937] [DEBUG] default - [56]_OUT_[8.13][6]
[2022-06-13T04:59:24.690] [ERROR] default - [ERROR] [inspectToken] [963SRNjVMDHLfCdX9rkywdTV3C3Fbfg8qNZFisQ3yH1s] AxiosError: Request failed with status code 504
[2022-06-13T04:59:33.349] [DEBUG] default - [58]_NFT SPOTTED [11]
[2022-06-13T04:59:33.855] [DEBUG] default - [59]_OUT_[123.75][6]
[2022-06-13T04:59:33.855] [INFO] default - createNewJson | start 0
[2022-06-13T04:59:33.855] [DEBUG] default - createNewJson | reading path [/home/ubuntu/odaclan-solana/daoInspectorServer/accountData/data.json]
[2022-06-13T04:59:33.855] [DEBUG] default - createNewJson | readed
[2022-06-13T04:59:33.858] [DEBUG] default - createNewJson | parsed
[2022-06-13T04:59:33.858] [DEBUG] default - createNewJson | concat
[2022-06-13T04:59:33.858] [DEBUG] default - createNewJson | remove old | max hours stored [120]
[2022-06-13T04:59:33.861] [DEBUG] default - createNewJson | remove dupe
[2022-06-13T04:59:33.899] [INFO] default - createNewJson | done
[2022-06-13T04:59:33.903] [DEBUG] default - Fine [OLD JSON: 1463] [NEW DATA: 44] [NEW JSON: 1507] [NEW J. NO OLD: 1504] [NEW J. NO DUPE: 1464] [2022-06-13 06:59:33]
[2022-06-13T05:55:00.678] [INFO] default - Trigger Cron Schedule
[2022-06-13T05:55:00.681] [INFO] default - Inizio [2022-06-13 07:55:00]
[2022-06-13T05:55:01.262] [DEBUG] default - [1]_OUT_[50.32][6]
[2022-06-13T05:55:01.772] [DEBUG] default - [2]_OUT_[54.13][6]
[2022-06-13T05:55:02.288] [DEBUG] default - [3]_OUT_[175.85][6]
[2022-06-13T05:55:02.829] [DEBUG] default - [4]_OUT_[32.29][6]
[2022-06-13T05:55:03.368] [DEBUG] default - [5]_OUT_[104.17][6]
[2022-06-13T05:55:03.965] [DEBUG] default - [6]_OUT_[58.31][6]
[2022-06-13T05:55:04.513] [DEBUG] default - [7]_OUT_[73.79][6]
[2022-06-13T05:55:05.040] [DEBUG] default - [8]_OUT_[182.95][6]
[2022-06-13T05:55:05.642] [DEBUG] default - [9]_OUT_[131.01][6]
[2022-06-13T05:55:06.203] [DEBUG] default - [10]_OUT_[401.52][6]
[2022-06-13T05:55:06.723] [DEBUG] default - [11]_OUT_[316.84][6]
[2022-06-13T05:55:07.248] [DEBUG] default - [12]_OUT_[73.93][6]
[2022-06-13T05:55:07.760] [DEBUG] default - [13]_OUT_[197.67][6]
[2022-06-13T05:55:08.279] [DEBUG] default - [14]_OUT_[22.53][6]
[2022-06-13T05:55:08.899] [DEBUG] default - [15]_OUT_[175.97][6]
[2022-06-13T05:55:09.411] [DEBUG] default - [16]_OUT_[125.53][6]
[2022-06-13T05:55:10.978] [DEBUG] default - [18]_OUT_[46.43][6]
[2022-06-13T05:56:12.639] [ERROR] default - [ERROR] [inspectToken] [8THe2obQJFg89EGBACgmSRzsqVk5zK95Yvg4cVYSVJdP] AxiosError: Request failed with status code 504
[2022-06-13T05:56:42.024] [DEBUG] default - [19]_NFT SPOTTED [12]
[2022-06-13T05:56:42.605] [DEBUG] default - [20]_OUT_[56.69][6]
[2022-06-13T05:56:43.147] [DEBUG] default - [21]_OUT_[205.66][6]
[2022-06-13T05:56:51.269] [DEBUG] default - [22]_NFT SPOTTED [2]
[2022-06-13T05:56:51.852] [DEBUG] default - [23]_OUT_[18.92][6]
[2022-06-13T05:56:53.521] [DEBUG] default - [24]_NFT SPOTTED [1]
[2022-06-13T05:57:22.554] [DEBUG] default - [25]_NFT SPOTTED [13]
[2022-06-13T05:57:23.091] [DEBUG] default - [26]_OUT_[306.85][6]
[2022-06-13T05:57:23.609] [DEBUG] default - [27]_OUT_[132.88][6]
[2022-06-13T05:57:24.139] [DEBUG] default - [28]_OUT_[91.44][6]
[2022-06-13T05:57:24.645] [DEBUG] default - [29]_OUT_[41.71][6]
[2022-06-13T05:57:26.733] [DEBUG] default - [30]_NFT SPOTTED [1]
[2022-06-13T05:57:44.683] [DEBUG] default - [31]_NFT SPOTTED [3]
[2022-06-13T05:58:06.935] [DEBUG] default - [34]_OUT_[189.22][6]
[2022-06-13T05:58:07.497] [DEBUG] default - [35]_OUT_[6.55][6]
[2022-06-13T05:58:19.998] [DEBUG] default - [37]_NFT SPOTTED [1]
[2022-06-13T05:58:40.307] [DEBUG] default - [38]_NFT SPOTTED [1]
[2022-06-13T05:58:41.974] [DEBUG] default - [40]_OUT_[101.87][6]
[2022-06-13T05:58:45.145] [DEBUG] default - [42]_NFT SPOTTED [1]
[2022-06-13T05:58:45.722] [DEBUG] default - [43]_OUT_[84.38][6]
[2022-06-13T05:58:46.237] [DEBUG] default - [44]_OUT_[584.70][6]
[2022-06-13T05:58:46.752] [DEBUG] default - [45]_OUT_[435.71][6]
[2022-06-13T05:58:50.296] [DEBUG] default - [47]_OUT_[143.73][6]
[2022-06-13T05:58:52.931] [DEBUG] default - [50]_OUT_[206.27][6]
[2022-06-13T05:59:09.947] [DEBUG] default - [53]_OUT_[7.42][6]
[2022-06-13T05:59:15.491] [DEBUG] default - [54]_NFT SPOTTED [2]
[2022-06-13T05:59:17.070] [DEBUG] default - [56]_OUT_[9.15][6]
[2022-06-13T05:59:44.505] [DEBUG] default - [58]_NFT SPOTTED [11]
[2022-06-13T05:59:45.028] [DEBUG] default - [59]_OUT_[124.76][6]
[2022-06-13T05:59:45.029] [INFO] default - createNewJson | start 0
[2022-06-13T05:59:45.029] [DEBUG] default - createNewJson | reading path [/home/ubuntu/odaclan-solana/daoInspectorServer/accountData/data.json]
[2022-06-13T05:59:45.029] [DEBUG] default - createNewJson | readed
[2022-06-13T05:59:45.031] [DEBUG] default - createNewJson | parsed
[2022-06-13T05:59:45.031] [DEBUG] default - createNewJson | concat
[2022-06-13T05:59:45.031] [DEBUG] default - createNewJson | remove old | max hours stored [120]
[2022-06-13T05:59:45.035] [DEBUG] default - createNewJson | remove dupe
[2022-06-13T05:59:45.102] [INFO] default - createNewJson | done
[2022-06-13T05:59:45.106] [DEBUG] default - Fine [OLD JSON: 1464] [NEW DATA: 45] [NEW JSON: 1509] [NEW J. NO OLD: 1496] [NEW J. NO DUPE: 1459] [2022-06-13 07:59:45]
[2022-06-13T06:55:00.017] [INFO] default - Trigger Cron Schedule
[2022-06-13T06:55:00.024] [INFO] default - Inizio [2022-06-13 08:55:00]
[2022-06-13T06:55:00.533] [DEBUG] default - [1]_OUT_[51.32][6]
[2022-06-13T06:55:01.026] [DEBUG] default - [2]_OUT_[55.13][6]
[2022-06-13T06:55:01.558] [DEBUG] default - [3]_OUT_[176.85][6]
[2022-06-13T06:55:02.086] [DEBUG] default - [4]_OUT_[33.29][6]
[2022-06-13T06:55:02.603] [DEBUG] default - [5]_OUT_[105.17][6]
[2022-06-13T06:55:03.122] [DEBUG] default - [6]_OUT_[59.31][6]
[2022-06-13T06:55:05.240] [DEBUG] default - [8]_OUT_[183.95][6]
[2022-06-13T06:55:05.780] [DEBUG] default - [9]_OUT_[132.01][6]
[2022-06-13T06:55:06.320] [DEBUG] default - [10]_OUT_[402.52][6]
[2022-06-13T06:55:06.911] [DEBUG] default - [11]_OUT_[317.84][6]
[2022-06-13T06:55:07.458] [DEBUG] default - [12]_OUT_[74.93][6]
[2022-06-13T06:55:07.979] [DEBUG] default - [13]_OUT_[198.67][6]
[2022-06-13T06:55:08.529] [DEBUG] default - [14]_OUT_[23.53][6]
[2022-06-13T06:55:09.033] [DEBUG] default - [15]_OUT_[176.97][6]
[2022-06-13T06:55:09.625] [DEBUG] default - [16]_OUT_[126.53][6]
[2022-06-13T06:55:11.279] [DEBUG] default - [18]_OUT_[47.43][6]
[2022-06-13T06:55:39.227] [DEBUG] default - [19]_NFT SPOTTED [19]
[2022-06-13T06:55:39.939] [DEBUG] default - [20]_OUT_[57.68][6]
[2022-06-13T06:55:40.476] [DEBUG] default - [21]_OUT_[206.65][6]
[2022-06-13T06:55:45.631] [DEBUG] default - [22]_NFT SPOTTED [2]
[2022-06-13T06:55:46.171] [DEBUG] default - [23]_OUT_[19.90][6]
[2022-06-13T06:55:47.955] [DEBUG] default - [24]_NFT SPOTTED [1]
[2022-06-13T06:56:11.628] [DEBUG] default - [25]_NFT SPOTTED [13]
[2022-06-13T06:56:12.151] [DEBUG] default - [26]_OUT_[307.83][6]
[2022-06-13T06:56:12.683] [DEBUG] default - [27]_OUT_[133.86][6]
[2022-06-13T06:56:13.223] [DEBUG] default - [28]_OUT_[92.42][6]
[2022-06-13T06:56:13.740] [DEBUG] default - [29]_OUT_[42.69][6]
[2022-06-13T06:56:15.506] [DEBUG] default - [30]_NFT SPOTTED [1]
[2022-06-13T06:56:33.170] [DEBUG] default - [31]_NFT SPOTTED [3]
[2022-06-13T06:57:14.331] [DEBUG] default - [34]_OUT_[190.21][6]
[2022-06-13T06:57:15.366] [DEBUG] default - [35]_OUT_[7.53][6]
[2022-06-13T06:57:18.488] [DEBUG] default - [36]_NFT SPOTTED [1]
[2022-06-13T06:57:25.388] [DEBUG] default - [37]_NFT SPOTTED [3]
[2022-06-13T06:57:42.239] [DEBUG] default - [38]_NFT SPOTTED [1]
[2022-06-13T06:57:44.851] [DEBUG] default - [40]_OUT_[102.86][6]
[2022-06-13T06:57:48.759] [DEBUG] default - [42]_NFT SPOTTED [1]
[2022-06-13T06:57:49.278] [DEBUG] default - [43]_OUT_[85.36][6]
[2022-06-13T06:57:49.810] [DEBUG] default - [44]_OUT_[585.68][6]
[2022-06-13T06:57:50.324] [DEBUG] default - [45]_OUT_[436.69][6]
[2022-06-13T06:57:53.996] [DEBUG] default - [47]_OUT_[144.72][6]
[2022-06-13T06:57:56.615] [DEBUG] default - [50]_OUT_[207.26][6]
[2022-06-13T06:58:13.785] [DEBUG] default - [53]_OUT_[8.40][6]
[2022-06-13T06:58:18.894] [DEBUG] default - [54]_NFT SPOTTED [2]
[2022-06-13T06:58:45.727] [DEBUG] default - [58]_NFT SPOTTED [11]
[2022-06-13T06:58:46.256] [DEBUG] default - [59]_OUT_[125.74][6]
[2022-06-13T06:58:46.256] [INFO] default - createNewJson | start 0
[2022-06-13T06:58:46.256] [DEBUG] default - createNewJson | reading path [/home/ubuntu/odaclan-solana/daoInspectorServer/accountData/data.json]
[2022-06-13T06:58:46.256] [DEBUG] default - createNewJson | readed
[2022-06-13T06:58:46.259] [DEBUG] default - createNewJson | parsed
[2022-06-13T06:58:46.259] [DEBUG] default - createNewJson | concat
[2022-06-13T06:58:46.260] [DEBUG] default - createNewJson | remove old | max hours stored [120]
[2022-06-13T06:58:46.264] [DEBUG] default - createNewJson | remove dupe
[2022-06-13T06:58:46.328] [INFO] default - createNewJson | done
[2022-06-13T06:58:46.332] [DEBUG] default - Fine [OLD JSON: 1459] [NEW DATA: 56] [NEW JSON: 1515] [NEW J. NO OLD: 1500] [NEW J. NO DUPE: 1456] [2022-06-13 08:58:46]
[2022-06-13T07:55:00.441] [INFO] default - Trigger Cron Schedule
[2022-06-13T07:55:00.444] [INFO] default - Inizio [2022-06-13 09:55:00]
[2022-06-13T07:55:00.941] [DEBUG] default - [1]_OUT_[52.32][6]
[2022-06-13T07:55:01.434] [DEBUG] default - [2]_OUT_[56.13][6]
[2022-06-13T07:55:01.923] [DEBUG] default - [3]_OUT_[177.85][6]
[2022-06-13T07:55:02.444] [DEBUG] default - [4]_OUT_[34.29][6]
[2022-06-13T07:55:02.951] [DEBUG] default - [5]_OUT_[106.17][6]
[2022-06-13T07:55:03.470] [DEBUG] default - [6]_OUT_[60.31][6]
[2022-06-13T07:55:05.491] [DEBUG] default - [8]_OUT_[184.95][6]
[2022-06-13T07:55:05.995] [DEBUG] default - [9]_OUT_[133.01][6]
[2022-06-13T07:55:06.485] [DEBUG] default - [10]_OUT_[403.52][6]
[2022-06-13T07:55:06.999] [DEBUG] default - [11]_OUT_[318.84][6]
[2022-06-13T07:55:07.515] [DEBUG] default - [12]_OUT_[75.93][6]
[2022-06-13T07:55:08.005] [DEBUG] default - [13]_OUT_[199.67][6]
[2022-06-13T07:55:08.520] [DEBUG] default - [14]_OUT_[24.53][6]
[2022-06-13T07:55:09.010] [DEBUG] default - [15]_OUT_[177.97][6]
[2022-06-13T07:55:09.503] [DEBUG] default - [16]_OUT_[127.53][6]
[2022-06-13T07:55:11.020] [DEBUG] default - [18]_OUT_[48.43][6]
[2022-06-13T07:55:36.880] [DEBUG] default - [19]_NFT SPOTTED [20]
[2022-06-13T07:55:37.427] [DEBUG] default - [20]_OUT_[58.68][6]
[2022-06-13T07:55:37.925] [DEBUG] default - [21]_OUT_[207.65][6]
[2022-06-13T07:55:42.386] [DEBUG] default - [22]_NFT SPOTTED [2]
[2022-06-13T07:55:42.888] [DEBUG] default - [23]_OUT_[20.90][6]
[2022-06-13T07:55:44.422] [DEBUG] default - [24]_NFT SPOTTED [1]
[2022-06-13T07:56:07.660] [DEBUG] default - [25]_NFT SPOTTED [14]
[2022-06-13T07:56:08.171] [DEBUG] default - [26]_OUT_[308.82][6]
[2022-06-13T07:56:08.687] [DEBUG] default - [27]_OUT_[134.86][6]
[2022-06-13T07:56:09.185] [DEBUG] default - [28]_OUT_[93.42][6]
[2022-06-13T07:56:09.764] [DEBUG] default - [29]_OUT_[43.69][6]
[2022-06-13T07:56:11.549] [DEBUG] default - [30]_NFT SPOTTED [1]
[2022-06-13T07:56:27.907] [DEBUG] default - [31]_NFT SPOTTED [3]
[2022-06-13T07:56:48.566] [DEBUG] default - [34]_OUT_[191.20][6]
[2022-06-13T07:56:56.452] [DEBUG] default - [36]_NFT SPOTTED [1]
[2022-06-13T07:57:02.189] [DEBUG] default - [37]_NFT SPOTTED [3]
[2022-06-13T07:57:17.582] [DEBUG] default - [38]_NFT SPOTTED [1]
[2022-06-13T07:57:20.044] [DEBUG] default - [40]_OUT_[103.85][6]
[2022-06-13T07:57:24.743] [DEBUG] default - [42]_NFT SPOTTED [1]
[2022-06-13T07:57:25.252] [DEBUG] default - [43]_OUT_[86.35][6]
[2022-06-13T07:57:25.754] [DEBUG] default - [44]_OUT_[586.67][6]
[2022-06-13T07:57:26.251] [DEBUG] default - [45]_OUT_[437.68][6]
[2022-06-13T07:57:29.678] [DEBUG] default - [47]_OUT_[145.71][6]
[2022-06-13T07:57:32.238] [DEBUG] default - [50]_OUT_[208.25][6]
[2022-06-13T07:57:48.271] [DEBUG] default - [53]_OUT_[9.40][6]
[2022-06-13T07:57:53.253] [DEBUG] default - [54]_NFT SPOTTED [2]
[2022-06-13T07:58:19.982] [DEBUG] default - [58]_NFT SPOTTED [11]
[2022-06-13T07:58:20.527] [DEBUG] default - [59]_OUT_[126.73][6]
[2022-06-13T07:58:20.527] [INFO] default - createNewJson | start 0
[2022-06-13T07:58:20.527] [DEBUG] default - createNewJson | reading path [/home/ubuntu/odaclan-solana/daoInspectorServer/accountData/data.json]
[2022-06-13T07:58:20.527] [DEBUG] default - createNewJson | readed
[2022-06-13T07:58:20.529] [DEBUG] default - createNewJson | parsed
[2022-06-13T07:58:20.530] [DEBUG] default - createNewJson | concat
[2022-06-13T07:58:20.530] [DEBUG] default - createNewJson | remove old | max hours stored [120]
[2022-06-13T07:58:20.533] [DEBUG] default - createNewJson | remove dupe
[2022-06-13T07:58:20.569] [INFO] default - createNewJson | done
[2022-06-13T07:58:20.572] [DEBUG] default - Fine [OLD JSON: 1456] [NEW DATA: 58] [NEW JSON: 1514] [NEW J. NO OLD: 1504] [NEW J. NO DUPE: 1450] [2022-06-13 09:58:20]
[2022-06-13T08:55:00.877] [INFO] default - Trigger Cron Schedule
[2022-06-13T08:55:00.879] [INFO] default - Inizio [2022-06-13 10:55:00]
[2022-06-13T08:55:01.467] [DEBUG] default - [1]_OUT_[53.32][6]
[2022-06-13T08:55:01.979] [DEBUG] default - [2]_OUT_[57.13][6]
[2022-06-13T08:55:02.481] [DEBUG] default - [3]_OUT_[178.85][6]
[2022-06-13T08:55:02.987] [DEBUG] default - [4]_OUT_[35.29][6]
[2022-06-13T08:55:03.478] [DEBUG] default - [5]_OUT_[107.17][6]
[2022-06-13T08:55:03.971] [DEBUG] default - [6]_OUT_[61.31][6]
[2022-06-13T08:55:06.015] [DEBUG] default - [8]_OUT_[185.95][6]
[2022-06-13T08:55:06.553] [DEBUG] default - [9]_OUT_[134.01][6]
[2022-06-13T08:55:07.043] [DEBUG] default - [10]_OUT_[404.52][6]
[2022-06-13T08:55:07.553] [DEBUG] default - [11]_OUT_[319.84][6]
[2022-06-13T08:55:08.035] [DEBUG] default - [12]_OUT_[76.93][6]
[2022-06-13T08:55:08.546] [DEBUG] default - [13]_OUT_[200.67][6]
[2022-06-13T08:55:09.017] [DEBUG] default - [14]_OUT_[25.53][6]
[2022-06-13T08:55:09.533] [DEBUG] default - [15]_OUT_[178.97][6]
[2022-06-13T08:55:10.054] [DEBUG] default - [16]_OUT_[128.53][6]
[2022-06-13T08:55:11.700] [DEBUG] default - [18]_OUT_[49.43][6]
[2022-06-13T08:55:37.003] [DEBUG] default - [19]_NFT SPOTTED [19]
[2022-06-13T08:55:37.552] [DEBUG] default - [20]_OUT_[59.68][6]
[2022-06-13T08:55:38.207] [DEBUG] default - [21]_OUT_[208.65][6]
[2022-06-13T08:55:43.193] [DEBUG] default - [22]_NFT SPOTTED [2]
[2022-06-13T08:55:43.698] [DEBUG] default - [23]_OUT_[21.90][6]
[2022-06-13T08:55:45.407] [DEBUG] default - [24]_NFT SPOTTED [1]
[2022-06-13T08:56:09.915] [DEBUG] default - [25]_NFT SPOTTED [15]
[2022-06-13T08:56:10.463] [DEBUG] default - [26]_OUT_[309.82][6]
[2022-06-13T08:56:10.954] [DEBUG] default - [27]_OUT_[135.86][6]
[2022-06-13T08:56:11.438] [DEBUG] default - [28]_OUT_[94.42][6]
[2022-06-13T08:56:11.966] [DEBUG] default - [29]_OUT_[44.69][6]
[2022-06-13T08:56:13.682] [DEBUG] default - [30]_NFT SPOTTED [1]
[2022-06-13T08:56:30.622] [DEBUG] default - [31]_NFT SPOTTED [3]
[2022-06-13T08:56:51.655] [DEBUG] default - [34]_OUT_[192.20][6]
[2022-06-13T08:57:07.431] [DEBUG] default - [36]_NFT SPOTTED [2]
[2022-06-13T08:57:12.576] [DEBUG] default - [37]_NFT SPOTTED [3]
[2022-06-13T08:57:15.627] [DEBUG] default - [38]_NFT SPOTTED [2]
[2022-06-13T08:57:17.672] [DEBUG] default - [40]_OUT_[104.85][6]
[2022-06-13T08:57:22.078] [DEBUG] default - [42]_NFT SPOTTED [1]
[2022-06-13T08:57:22.577] [DEBUG] default - [43]_OUT_[87.35][6]
[2022-06-13T08:57:23.067] [DEBUG] default - [44]_OUT_[587.67][6]
[2022-06-13T08:57:23.566] [DEBUG] default - [45]_OUT_[438.68][6]
[2022-06-13T08:57:26.642] [DEBUG] default - [47]_OUT_[146.71][6]
[2022-06-13T08:57:27.209] [DEBUG] default - [48]_OUT_[6.31][6]
[2022-06-13T08:57:27.739] [DEBUG] default - [49]_OUT_[6.30][6]
[2022-06-13T08:57:28.245] [DEBUG] default - [50]_OUT_[209.25][6]
[2022-06-13T08:57:44.495] [DEBUG] default - [53]_OUT_[10.39][6]
[2022-06-13T08:57:48.832] [DEBUG] default - [54]_NFT SPOTTED [2]
[2022-06-13T08:57:49.356] [DEBUG] default - [55]_OUT_[6.37][6]
[2022-06-13T08:58:04.625] [DEBUG] default - [57]_OUT_[6.31][6]
[2022-06-13T08:58:22.575] [DEBUG] default - [58]_NFT SPOTTED [7]
[2022-06-13T08:58:23.082] [DEBUG] default - [59]_OUT_[127.73][6]
[2022-06-13T08:58:23.082] [INFO] default - createNewJson | start 0
[2022-06-13T08:58:23.082] [DEBUG] default - createNewJson | reading path [/home/ubuntu/odaclan-solana/daoInspectorServer/accountData/data.json]
[2022-06-13T08:58:23.082] [DEBUG] default - createNewJson | readed
[2022-06-13T08:58:23.084] [DEBUG] default - createNewJson | parsed
[2022-06-13T08:58:23.084] [DEBUG] default - createNewJson | concat
[2022-06-13T08:58:23.086] [DEBUG] default - createNewJson | remove old | max hours stored [120]
[2022-06-13T08:58:23.089] [DEBUG] default - createNewJson | remove dupe
[2022-06-13T08:58:23.154] [INFO] default - createNewJson | done
[2022-06-13T08:58:23.158] [DEBUG] default - Fine [OLD JSON: 1450] [NEW DATA: 56] [NEW JSON: 1506] [NEW J. NO OLD: 1464] [NEW J. NO DUPE: 1411] [2022-06-13 10:58:23]
[2022-06-13T09:55:00.754] [INFO] default - Trigger Cron Schedule
[2022-06-13T09:55:00.757] [INFO] default - Inizio [2022-06-13 11:55:00]
[2022-06-13T09:55:01.246] [DEBUG] default - [1]_OUT_[54.32][6]
[2022-06-13T09:55:01.862] [DEBUG] default - [2]_OUT_[58.13][6]
[2022-06-13T09:55:02.419] [DEBUG] default - [3]_OUT_[179.85][6]
[2022-06-13T09:55:02.988] [DEBUG] default - [4]_OUT_[36.29][6]
[2022-06-13T09:55:03.492] [DEBUG] default - [5]_OUT_[108.17][6]
[2022-06-13T09:55:03.995] [DEBUG] default - [6]_OUT_[62.31][6]
[2022-06-13T09:55:06.017] [DEBUG] default - [8]_OUT_[186.95][6]
[2022-06-13T09:55:06.494] [DEBUG] default - [9]_OUT_[135.01][6]
[2022-06-13T09:55:06.984] [DEBUG] default - [10]_OUT_[405.52][6]
[2022-06-13T09:55:07.470] [DEBUG] default - [11]_OUT_[320.84][6]
[2022-06-13T09:55:07.962] [DEBUG] default - [12]_OUT_[77.93][6]
[2022-06-13T09:55:08.501] [DEBUG] default - [13]_OUT_[201.67][6]
[2022-06-13T09:55:09.001] [DEBUG] default - [14]_OUT_[26.53][6]
[2022-06-13T09:55:09.504] [DEBUG] default - [15]_OUT_[179.97][6]
[2022-06-13T09:55:10.023] [DEBUG] default - [16]_OUT_[129.53][6]
[2022-06-13T09:55:11.620] [DEBUG] default - [18]_OUT_[50.43][6]
[2022-06-13T09:55:31.845] [DEBUG] default - [19]_NFT SPOTTED [17]
[2022-06-13T09:55:32.368] [DEBUG] default - [20]_OUT_[60.68][6]
[2022-06-13T09:55:32.875] [DEBUG] default - [21]_OUT_[209.65][6]
[2022-06-13T09:55:37.676] [DEBUG] default - [22]_NFT SPOTTED [2]
[2022-06-13T09:55:38.161] [DEBUG] default - [23]_OUT_[22.90][6]
[2022-06-13T09:55:41.179] [DEBUG] default - [24]_NFT SPOTTED [1]
[2022-06-13T09:56:01.290] [DEBUG] default - [25]_NFT SPOTTED [14]
[2022-06-13T09:56:02.101] [DEBUG] default - [26]_OUT_[310.82][6]
[2022-06-13T09:56:02.625] [DEBUG] default - [27]_OUT_[136.86][6]
[2022-06-13T09:56:03.192] [DEBUG] default - [28]_OUT_[95.42][6]
[2022-06-13T09:56:03.683] [DEBUG] default - [29]_OUT_[45.69][6]
[2022-06-13T09:56:05.510] [DEBUG] default - [30]_NFT SPOTTED [1]
[2022-06-13T09:56:11.414] [DEBUG] default - [31]_NFT SPOTTED [3]
[2022-06-13T09:56:31.496] [DEBUG] default - [34]_OUT_[193.20][6]
[2022-06-13T09:56:47.807] [DEBUG] default - [36]_NFT SPOTTED [2]
[2022-06-13T09:56:53.151] [DEBUG] default - [37]_NFT SPOTTED [3]
[2022-06-13T09:56:54.801] [DEBUG] default - [38]_NFT SPOTTED [1]
[2022-06-13T09:56:56.922] [DEBUG] default - [40]_OUT_[105.84][6]
[2022-06-13T09:57:02.882] [DEBUG] default - [42]_NFT SPOTTED [2]
[2022-06-13T09:57:03.390] [DEBUG] default - [43]_OUT_[88.35][6]
[2022-06-13T09:57:03.902] [DEBUG] default - [44]_OUT_[588.67][6]
[2022-06-13T09:57:04.393] [DEBUG] default - [45]_OUT_[439.68][6]
[2022-06-13T09:57:05.960] [DEBUG] default - [47]_OUT_[147.70][6]
[2022-06-13T09:57:06.523] [DEBUG] default - [48]_OUT_[7.30][6]
[2022-06-13T09:57:07.101] [DEBUG] default - [49]_OUT_[7.30][6]
[2022-06-13T09:57:07.577] [DEBUG] default - [50]_OUT_[210.25][6]
[2022-06-13T09:57:23.881] [DEBUG] default - [53]_OUT_[11.39][6]
[2022-06-13T09:57:28.851] [DEBUG] default - [54]_NFT SPOTTED [2]
[2022-06-13T09:57:29.419] [DEBUG] default - [55]_OUT_[7.37][6]
[2022-06-13T09:57:44.595] [DEBUG] default - [57]_OUT_[7.30][6]
[2022-06-13T09:57:53.683] [DEBUG] default - [58]_NFT SPOTTED [1]
[2022-06-13T09:57:54.294] [DEBUG] default - [59]_OUT_[128.73][6]
[2022-06-13T09:57:54.294] [INFO] default - createNewJson | start 0
[2022-06-13T09:57:54.295] [DEBUG] default - createNewJson | reading path [/home/ubuntu/odaclan-solana/daoInspectorServer/accountData/data.json]
[2022-06-13T09:57:54.295] [DEBUG] default - createNewJson | readed
[2022-06-13T09:57:54.297] [DEBUG] default - createNewJson | parsed
[2022-06-13T09:57:54.297] [DEBUG] default - createNewJson | concat
[2022-06-13T09:57:54.297] [DEBUG] default - createNewJson | remove old | max hours stored [120]
[2022-06-13T09:57:54.302] [DEBUG] default - createNewJson | remove dupe
[2022-06-13T09:57:54.363] [INFO] default - createNewJson | done
[2022-06-13T09:57:54.366] [DEBUG] default - Fine [OLD JSON: 1411] [NEW DATA: 48] [NEW JSON: 1459] [NEW J. NO OLD: 1455] [NEW J. NO DUPE: 1408] [2022-06-13 11:57:54]
