[2022-06-03T00:00:27.050] [DEBUG] default - [25]_NFT SPOTTED [17]
[2022-06-03T00:00:41.090] [DEBUG] default - [28]_NFT SPOTTED [4]
[2022-06-03T00:01:46.639] [DEBUG] default - [34]_OUT_[221.94][12]
[2022-06-03T00:02:48.961] [DEBUG] default - [42]_NFT SPOTTED [21]
[2022-06-03T00:02:50.710] [DEBUG] default - [45]_OUT_[189.77][12]
[2022-06-03T00:02:51.330] [DEBUG] default - [46]_OUT_[25.72][12]
[2022-06-03T00:03:59.831] [DEBUG] default - [53]_NFT SPOTTED [14]
[2022-06-03T00:04:57.177] [DEBUG] default - [55]_NFT SPOTTED [20]
[2022-06-03T00:05:08.828] [DEBUG] default - [57]_NFT SPOTTED [1]
[2022-06-03T00:06:48.309] [ERROR] default - [ERROR] [inspectAccountTransaction] [G14pZL3RUstQGFNyuyUq7S98f5mGgHDJ8Qoh5F8njVnY] AxiosError: Request failed with status code 524
[2022-06-03T00:06:48.309] [ERROR] default - TypeError: Cannot read property 'result' of null
    at callInspect (/home/runner/ODA-Inspector-Server/index.js:50:15)
    at runMicrotasks (<anonymous>)
    at processTicksAndRejections (internal/process/task_queues.js:97:5)
    at async run (/home/runner/ODA-Inspector-Server/index.js:226:7)
[2022-06-03T00:55:00.978] [INFO] default - Trigger Cron Schedule
[2022-06-03T00:55:00.980] [INFO] default - Inizio [2022-06-03 02:55:00]
[2022-06-03T00:55:52.960] [DEBUG] default - [1]_NFT SPOTTED [20]
[2022-06-03T00:55:53.586] [DEBUG] default - [2]_OUT_[70.43][12]
[2022-06-03T00:55:54.336] [DEBUG] default - [3]_OUT_[19.23][12]
[2022-06-03T00:57:03.718] [DEBUG] default - [6]_NFT SPOTTED [3]
[2022-06-03T00:57:04.409] [DEBUG] default - [7]_OUT_[42.09][12]
[2022-06-03T00:57:14.298] [DEBUG] default - [16]_OUT_[12.36][12]
[2022-06-03T00:58:51.753] [DEBUG] default - [19]_NFT SPOTTED [32]
[2022-06-03T00:59:12.015] [DEBUG] default - [22]_NFT SPOTTED [8]
[2022-06-03T00:59:37.907] [DEBUG] default - [24]_NFT SPOTTED [4]
[2022-06-03T01:00:30.402] [DEBUG] default - [25]_NFT SPOTTED [16]
[2022-06-03T01:00:46.550] [DEBUG] default - [28]_NFT SPOTTED [4]
[2022-06-03T01:00:47.702] [DEBUG] default - [30]_OUT_[12.28][12]
[2022-06-03T01:01:36.904] [DEBUG] default - [32]_NFT SPOTTED [1]
[2022-06-03T01:02:08.583] [DEBUG] default - [35]_OUT_[12.97][12]
[2022-06-03T01:03:16.746] [DEBUG] default - [42]_NFT SPOTTED [21]
[2022-06-03T01:03:17.923] [DEBUG] default - [44]_OUT_[339.77][12]
[2022-06-03T01:03:32.410] [DEBUG] default - [49]_OUT_[12.94][12]
[2022-06-03T01:04:12.731] [DEBUG] default - [53]_NFT SPOTTED [7]
[2022-06-03T01:05:06.721] [DEBUG] default - [55]_NFT SPOTTED [21]
[2022-06-03T01:05:19.576] [DEBUG] default - [57]_NFT SPOTTED [1]
[2022-06-03T01:05:26.465] [DEBUG] default - [58]_NFT SPOTTED [3]
[2022-06-03T01:06:16.679] [DEBUG] default - [59]_NFT SPOTTED [21]
[2022-06-03T01:06:16.679] [INFO] default - createNewJson | start 0
[2022-06-03T01:06:16.679] [DEBUG] default - createNewJson | reading path [/home/runner/ODA-Inspector-Server/accountData/data.json]
[2022-06-03T01:06:16.680] [DEBUG] default - createNewJson | readed
[2022-06-03T01:06:16.683] [DEBUG] default - createNewJson | parsed
[2022-06-03T01:06:16.683] [DEBUG] default - createNewJson | concat
[2022-06-03T01:06:16.683] [DEBUG] default - createNewJson | remove old | max hours stored [120]
[2022-06-03T01:06:16.687] [DEBUG] default - createNewJson | remove dupe
[2022-06-03T01:06:16.787] [INFO] default - createNewJson | done
[2022-06-03T01:06:16.792] [DEBUG] default - Fine [OLD JSON: 1285] [NEW DATA: 158] [NEW JSON: 1443] [NEW J. NO OLD: 1417] [NEW J. NO DUPE: 1283] [2022-06-03 03:06:16]
[2022-06-03T01:45:56.408] [INFO] default - Listening on port 3000 - run
[2022-06-03T01:45:56.436] [INFO] default - Inizio [2022-06-03 03:45:56]
[2022-06-03T01:47:07.725] [DEBUG] default - [1]_NFT SPOTTED [31]
[2022-06-03T01:47:09.663] [DEBUG] default - [4]_OUT_[12.36][12]
[2022-06-03T01:47:15.251] [DEBUG] default - [6]_NFT SPOTTED [3]
[2022-06-03T01:47:16.495] [DEBUG] default - [8]_OUT_[71.29][12]
[2022-06-03T01:47:18.274] [DEBUG] default - [11]_OUT_[72.71][12]
[2022-06-03T01:47:22.097] [DEBUG] default - [16]_OUT_[13.20][12]
[2022-06-03T01:49:01.751] [DEBUG] default - [19]_NFT SPOTTED [34]
[2022-06-03T01:49:21.459] [DEBUG] default - [22]_NFT SPOTTED [6]
[2022-06-03T01:49:50.821] [DEBUG] default - [24]_NFT SPOTTED [7]
[2022-06-03T01:50:42.086] [DEBUG] default - [25]_NFT SPOTTED [21]
[2022-06-03T01:50:57.065] [DEBUG] default - [28]_NFT SPOTTED [4]
[2022-06-03T01:50:58.588] [DEBUG] default - [30]_OUT_[13.12][12]
[2022-06-03T01:51:43.164] [DEBUG] default - [32]_NFT SPOTTED [1]
[2022-06-03T01:52:29.340] [DEBUG] default - [40]_OUT_[75.42][12]
[2022-06-03T01:53:22.125] [DEBUG] default - [42]_NFT SPOTTED [16]
[2022-06-03T01:53:23.302] [DEBUG] default - [44]_OUT_[340.61][12]
[2022-06-03T01:54:03.729] [DEBUG] default - [53]_NFT SPOTTED [4]
[2022-06-03T01:55:00.703] [INFO] default - Trigger Cron Schedule
[2022-06-03T01:55:00.706] [INFO] default - Inizio [2022-06-03 03:55:00]
[2022-06-03T01:55:06.065] [DEBUG] default - [55]_NFT SPOTTED [21]
[2022-06-03T01:55:41.612] [DEBUG] default - [57]_NFT SPOTTED [6]
[2022-06-03T01:55:42.986] [DEBUG] default - [1]_NFT SPOTTED [31]
[2022-06-03T01:55:48.030] [DEBUG] default - [58]_NFT SPOTTED [3]
[2022-06-03T01:55:48.289] [DEBUG] default - [4]_OUT_[12.50][12]
[2022-06-03T01:55:53.905] [DEBUG] default - [6]_NFT SPOTTED [3]
[2022-06-03T01:55:56.325] [DEBUG] default - [10]_OUT_[157.53][12]
[2022-06-03T01:55:58.337] [DEBUG] default - [13]_OUT_[92.73][12]
[2022-06-03T01:56:00.080] [DEBUG] default - [16]_OUT_[13.34][12]
[2022-06-03T01:56:34.305] [DEBUG] default - [59]_NFT SPOTTED [17]
[2022-06-03T01:56:34.305] [INFO] default - createNewJson | start 0
[2022-06-03T01:56:34.306] [DEBUG] default - createNewJson | reading path [/home/runner/ODA-Inspector-Server/accountData/data.json]
[2022-06-03T01:56:34.309] [DEBUG] default - createNewJson | readed
[2022-06-03T01:56:34.312] [DEBUG] default - createNewJson | parsed
[2022-06-03T01:56:34.312] [DEBUG] default - createNewJson | concat
[2022-06-03T01:56:34.312] [DEBUG] default - createNewJson | remove old | max hours stored [120]
[2022-06-03T01:56:34.317] [DEBUG] default - createNewJson | remove dupe
[2022-06-03T01:56:34.400] [INFO] default - createNewJson | done
[2022-06-03T01:56:34.403] [DEBUG] default - Fine [OLD JSON: 1283] [NEW DATA: 63] [NEW JSON: 1346] [NEW J. NO OLD: 1333] [NEW J. NO DUPE: 1271] [2022-06-03 03:56:34]
[2022-06-03T01:57:00.337] [DEBUG] default - [19]_NFT SPOTTED [31]
[2022-06-03T01:57:00.950] [DEBUG] default - [20]_OUT_[149.91][12]
[2022-06-03T01:57:13.692] [DEBUG] default - [22]_NFT SPOTTED [7]
[2022-06-03T01:57:39.919] [DEBUG] default - [24]_NFT SPOTTED [7]
[2022-06-03T01:58:30.741] [DEBUG] default - [25]_NFT SPOTTED [25]
[2022-06-03T01:58:38.429] [DEBUG] default - [28]_NFT SPOTTED [4]
[2022-06-03T01:59:22.919] [DEBUG] default - [32]_NFT SPOTTED [1]
[2022-06-03T02:00:43.647] [DEBUG] default - [39]_OUT_[36.17][12]
[2022-06-03T02:01:09.953] [DEBUG] default - [42]_NFT SPOTTED [15]
[2022-06-03T02:01:10.554] [DEBUG] default - [43]_OUT_[16.68][12]
[2022-06-03T02:01:45.227] [DEBUG] default - [53]_NFT SPOTTED [4]
[2022-06-03T02:02:42.897] [DEBUG] default - [55]_NFT SPOTTED [20]
[2022-06-03T02:03:06.917] [DEBUG] default - [57]_NFT SPOTTED [6]
[2022-06-03T02:03:12.185] [DEBUG] default - [58]_NFT SPOTTED [3]
[2022-06-03T02:04:06.242] [DEBUG] default - [59]_NFT SPOTTED [24]
[2022-06-03T02:04:06.243] [INFO] default - createNewJson | start 0
[2022-06-03T02:04:06.243] [DEBUG] default - createNewJson | reading path [/home/runner/ODA-Inspector-Server/accountData/data.json]
[2022-06-03T02:04:06.243] [DEBUG] default - createNewJson | readed
[2022-06-03T02:04:06.247] [DEBUG] default - createNewJson | parsed
[2022-06-03T02:04:06.248] [DEBUG] default - createNewJson | concat
[2022-06-03T02:04:06.248] [DEBUG] default - createNewJson | remove old | max hours stored [120]
[2022-06-03T02:04:06.252] [DEBUG] default - createNewJson | remove dupe
[2022-06-03T02:04:06.363] [INFO] default - createNewJson | done
[2022-06-03T02:04:06.367] [DEBUG] default - Fine [OLD JSON: 1271] [NEW DATA: 193] [NEW JSON: 1464] [NEW J. NO OLD: 1464] [NEW J. NO DUPE: 1283] [2022-06-03 04:04:06]
[2022-06-03T02:55:00.045] [INFO] default - Trigger Cron Schedule
[2022-06-03T02:55:00.047] [INFO] default - Inizio [2022-06-03 04:55:00]
[2022-06-03T02:56:33.350] [DEBUG] default - [1]_NFT SPOTTED [42]
[2022-06-03T02:58:18.680] [DEBUG] default - [19]_NFT SPOTTED [32]
[2022-06-03T02:59:39.855] [DEBUG] default - [21]_NFT SPOTTED [34]
[2022-06-03T02:59:58.263] [DEBUG] default - [22]_NFT SPOTTED [7]
[2022-06-03T03:00:01.660] [DEBUG] default - [23]_NFT SPOTTED [2]
[2022-06-03T03:00:26.710] [DEBUG] default - [24]_NFT SPOTTED [6]
[2022-06-03T03:01:19.654] [DEBUG] default - [25]_NFT SPOTTED [19]
[2022-06-03T03:01:34.864] [DEBUG] default - [28]_NFT SPOTTED [4]
[2022-06-03T03:01:36.915] [DEBUG] default - [31]_OUT_[12.06][12]
[2022-06-03T03:01:44.349] [DEBUG] default - [32]_NFT SPOTTED [2]
[2022-06-03T03:02:18.047] [DEBUG] default - [37]_OUT_[12.02][12]
[2022-06-03T03:02:23.412] [DEBUG] default - [39]_OUT_[37.20][12]
[2022-06-03T03:02:37.911] [DEBUG] default - [42]_NFT SPOTTED [3]
[2022-06-03T03:03:28.185] [DEBUG] default - [53]_NFT SPOTTED [4]
[2022-06-03T03:04:31.166] [DEBUG] default - [55]_NFT SPOTTED [20]
[2022-06-03T03:05:04.129] [DEBUG] default - [57]_NFT SPOTTED [6]
[2022-06-03T03:05:11.107] [DEBUG] default - [58]_NFT SPOTTED [3]
[2022-06-03T03:05:46.834] [DEBUG] default - [59]_NFT SPOTTED [12]
[2022-06-03T03:05:46.835] [INFO] default - createNewJson | start 0
[2022-06-03T03:05:46.835] [DEBUG] default - createNewJson | reading path [/home/runner/ODA-Inspector-Server/accountData/data.json]
[2022-06-03T03:05:46.835] [DEBUG] default - createNewJson | readed
[2022-06-03T03:05:46.839] [DEBUG] default - createNewJson | parsed
[2022-06-03T03:05:46.840] [DEBUG] default - createNewJson | concat
[2022-06-03T03:05:46.840] [DEBUG] default - createNewJson | remove old | max hours stored [120]
[2022-06-03T03:05:46.845] [DEBUG] default - createNewJson | remove dupe
[2022-06-03T03:05:46.957] [INFO] default - createNewJson | done
[2022-06-03T03:05:46.962] [DEBUG] default - Fine [OLD JSON: 1283] [NEW DATA: 190] [NEW JSON: 1473] [NEW J. NO OLD: 1461] [NEW J. NO DUPE: 1315] [2022-06-03 05:05:46]
[2022-06-03T03:16:19.544] [INFO] default - Listening on port 3000 - run
[2022-06-03T03:16:19.588] [INFO] default - Inizio [2022-06-03 05:16:19]
[2022-06-03T03:17:23.099] [DEBUG] default - [6]_OUT_[13.11][12]
[2022-06-03T03:17:26.651] [DEBUG] default - [12]_OUT_[16.40][12]
[2022-06-03T03:17:27.269] [DEBUG] default - [13]_OUT_[94.09][12]
[2022-06-03T03:18:13.567] [DEBUG] default - [19]_NFT SPOTTED [28]
[2022-06-03T03:19:42.252] [ERROR] default - [ERROR] [inspectToken] [JAbGjHYyc7zcUK6cKZpq319DACkowT2goTDnVuhLaFVe] AxiosError: Request failed with status code 504
[2022-06-03T03:20:09.568] [DEBUG] default - [21]_NFT SPOTTED [34]
[2022-06-03T03:20:21.582] [DEBUG] default - [22]_NFT SPOTTED [7]
[2022-06-03T03:20:25.698] [DEBUG] default - [23]_NFT SPOTTED [2]
[2022-06-03T03:20:49.675] [DEBUG] default - [24]_NFT SPOTTED [8]
[2022-06-03T03:21:33.046] [DEBUG] default - [25]_NFT SPOTTED [19]
[2022-06-03T03:21:40.794] [DEBUG] default - [28]_NFT SPOTTED [4]
[2022-06-03T03:21:42.584] [DEBUG] default - [31]_OUT_[12.39][12]
[2022-06-03T03:21:46.255] [DEBUG] default - [32]_NFT SPOTTED [2]
[2022-06-03T03:22:33.914] [DEBUG] default - [37]_OUT_[12.35][12]
[2022-06-03T03:22:40.159] [DEBUG] default - [40]_OUT_[76.92][12]
[2022-06-03T03:22:48.455] [DEBUG] default - [42]_NFT SPOTTED [3]
[2022-06-03T03:22:52.360] [DEBUG] default - [47]_OUT_[36.26][12]
[2022-06-03T03:23:39.279] [DEBUG] default - [53]_NFT SPOTTED [2]
[2022-06-03T03:24:26.138] [DEBUG] default - [55]_NFT SPOTTED [20]
[2022-06-03T03:24:53.262] [DEBUG] default - [57]_NFT SPOTTED [6]
[2022-06-03T03:24:59.302] [DEBUG] default - [58]_NFT SPOTTED [3]
[2022-06-03T03:25:36.343] [DEBUG] default - [59]_NFT SPOTTED [20]
[2022-06-03T03:25:36.343] [INFO] default - createNewJson | start 0
[2022-06-03T03:25:36.344] [DEBUG] default - createNewJson | reading path [/home/runner/ODA-Inspector-Server/accountData/data.json]
[2022-06-03T03:25:36.345] [DEBUG] default - createNewJson | readed
[2022-06-03T03:25:36.347] [DEBUG] default - createNewJson | parsed
[2022-06-03T03:25:36.348] [DEBUG] default - createNewJson | concat
[2022-06-03T03:25:36.348] [DEBUG] default - createNewJson | remove old | max hours stored [120]
[2022-06-03T03:25:36.352] [DEBUG] default - createNewJson | remove dupe
[2022-06-03T03:25:36.477] [INFO] default - createNewJson | done
[2022-06-03T03:25:36.481] [DEBUG] default - Fine [OLD JSON: 1315] [NEW DATA: 151] [NEW JSON: 1466] [NEW J. NO OLD: 1462] [NEW J. NO DUPE: 1312] [2022-06-03 05:25:36]
[2022-06-03T03:55:00.770] [INFO] default - Trigger Cron Schedule
[2022-06-03T03:55:00.772] [INFO] default - Inizio [2022-06-03 05:55:00]
[2022-06-03T03:56:53.906] [DEBUG] default - [1]_NFT SPOTTED [40]
[2022-06-03T03:56:58.037] [DEBUG] default - [8]_OUT_[73.45][12]
[2022-06-03T03:57:00.914] [DEBUG] default - [13]_OUT_[94.75][12]
[2022-06-03T03:59:19.511] [ERROR] default - [ERROR] [inspectToken] [Fp18D2We7XqfkipC19vCy42YuiLuaxCDnrKT8HFYAkEc] AxiosError: Request failed with status code 504
[2022-06-03T03:59:34.439] [DEBUG] default - [19]_NFT SPOTTED [28]
[2022-06-03T04:01:58.558] [ERROR] default - [ERROR] [inspectToken] [4cYS4EgRRgmNzoxNVHghQyVPVU7a268BoK2m4fKP3pco] AxiosError: Request failed with status code 504
[2022-06-03T04:02:04.819] [DEBUG] default - [21]_NFT SPOTTED [34]
[2022-06-03T04:02:29.885] [DEBUG] default - [22]_NFT SPOTTED [5]
[2022-06-03T04:02:35.986] [DEBUG] default - [23]_NFT SPOTTED [2]
[2022-06-03T04:02:56.456] [DEBUG] default - [24]_NFT SPOTTED [4]
[2022-06-03T04:03:55.395] [DEBUG] default - [25]_NFT SPOTTED [21]
[2022-06-03T04:04:11.084] [DEBUG] default - [28]_NFT SPOTTED [4]
[2022-06-03T04:04:12.333] [DEBUG] default - [30]_OUT_[15.34][12]
[2022-06-03T04:04:12.900] [DEBUG] default - [31]_OUT_[13.10][12]
[2022-06-03T04:04:18.622] [DEBUG] default - [32]_NFT SPOTTED [2]
[2022-06-03T04:04:51.768] [DEBUG] default - [36]_OUT_[18.67][12]
[2022-06-03T04:04:52.381] [DEBUG] default - [37]_OUT_[13.06][12]
[2022-06-03T04:05:16.600] [DEBUG] default - [42]_NFT SPOTTED [3]
[2022-06-03T04:05:58.202] [DEBUG] default - [53]_NFT SPOTTED [5]
[2022-06-03T04:06:03.100] [DEBUG] default - [55]_NFT SPOTTED [1]
[2022-06-03T04:07:14.363] [ERROR] default - [ERROR] [inspectToken] [HEv7g1wSkF23dKLQD3MFB5zcGaQkGx2RC3Kjhzmy6jUJ] AxiosError: Request failed with status code 504
[2022-06-03T04:08:11.070] [ERROR] default - [ERROR] [inspectToken] [4EdYMPTBh1kVXpjWaSQD13he46NVHGtcZ1UkM6s5EQun] AxiosError: Request failed with status code 502
[2022-06-03T04:08:20.298] [DEBUG] default - [57]_NFT SPOTTED [5]
[2022-06-03T04:08:26.267] [DEBUG] default - [58]_NFT SPOTTED [2]
[2022-06-03T04:09:14.432] [DEBUG] default - [59]_NFT SPOTTED [19]
[2022-06-03T04:09:14.432] [INFO] default - createNewJson | start 0
[2022-06-03T04:09:14.432] [DEBUG] default - createNewJson | reading path [/home/runner/ODA-Inspector-Server/accountData/data.json]
[2022-06-03T04:09:14.433] [DEBUG] default - createNewJson | readed
[2022-06-03T04:09:14.435] [DEBUG] default - createNewJson | parsed
[2022-06-03T04:09:14.436] [DEBUG] default - createNewJson | concat
[2022-06-03T04:09:14.436] [DEBUG] default - createNewJson | remove old | max hours stored [120]
[2022-06-03T04:09:14.444] [DEBUG] default - createNewJson | remove dupe
[2022-06-03T04:09:14.553] [INFO] default - createNewJson | done
[2022-06-03T04:09:14.558] [DEBUG] default - Fine [OLD JSON: 1312] [NEW DATA: 164] [NEW JSON: 1476] [NEW J. NO OLD: 1454] [NEW J. NO DUPE: 1303] [2022-06-03 06:09:14]
[2022-06-03T04:55:00.499] [INFO] default - Trigger Cron Schedule
[2022-06-03T04:55:00.501] [INFO] default - Inizio [2022-06-03 06:55:00]
[2022-06-03T04:56:25.180] [DEBUG] default - [1]_NFT SPOTTED [29]
[2022-06-03T04:56:25.812] [DEBUG] default - [2]_OUT_[74.44][12]
[2022-06-03T04:56:28.108] [DEBUG] default - [6]_OUT_[14.76][12]
[2022-06-03T04:56:29.278] [DEBUG] default - [8]_OUT_[74.44][12]
[2022-06-03T04:58:06.235] [ERROR] default - [ERROR] [inspectToken] [4Cp7daTYTgatE8taCHMLjxiQwXc8vXM9v2hd6iq1UmX3] AxiosError: Request failed with status code 504
[2022-06-03T04:58:26.986] [DEBUG] default - [19]_NFT SPOTTED [16]
[2022-06-03T05:00:04.952] [DEBUG] default - [21]_NFT SPOTTED [34]
[2022-06-03T05:01:32.451] [DEBUG] default - [22]_NFT SPOTTED [8]
[2022-06-03T05:01:50.667] [DEBUG] default - [23]_NFT SPOTTED [2]
[2022-06-03T05:02:22.842] [DEBUG] default - [24]_NFT SPOTTED [9]
[2022-06-03T05:03:19.098] [DEBUG] default - [25]_NFT SPOTTED [20]
[2022-06-03T05:03:20.886] [DEBUG] default - [27]_OUT_[187.76][12]
[2022-06-03T05:03:35.763] [DEBUG] default - [28]_NFT SPOTTED [4]
[2022-06-03T05:03:45.991] [DEBUG] default - [32]_NFT SPOTTED [2]
[2022-06-03T05:04:11.938] [DEBUG] default - [36]_OUT_[19.66][12]
[2022-06-03T05:04:31.424] [DEBUG] default - [42]_NFT SPOTTED [4]
[2022-06-03T05:04:32.052] [DEBUG] default - [43]_OUT_[19.74][12]
[2022-06-03T05:04:49.107] [DEBUG] default - [52]_OUT_[180.32][12]
[2022-06-03T05:05:28.646] [DEBUG] default - [53]_NFT SPOTTED [7]
[2022-06-03T05:05:45.931] [DEBUG] default - [55]_NFT SPOTTED [2]
[2022-06-03T05:06:09.465] [DEBUG] default - [57]_NFT SPOTTED [6]
[2022-06-03T05:06:15.647] [DEBUG] default - [58]_NFT SPOTTED [3]
[2022-06-03T05:07:04.435] [DEBUG] default - [59]_NFT SPOTTED [21]
[2022-06-03T05:07:04.435] [INFO] default - createNewJson | start 0
[2022-06-03T05:07:04.435] [DEBUG] default - createNewJson | reading path [/home/runner/ODA-Inspector-Server/accountData/data.json]
[2022-06-03T05:07:04.436] [DEBUG] default - createNewJson | readed
[2022-06-03T05:07:04.440] [DEBUG] default - createNewJson | parsed
[2022-06-03T05:07:04.440] [DEBUG] default - createNewJson | concat
[2022-06-03T05:07:04.440] [DEBUG] default - createNewJson | remove old | max hours stored [120]
[2022-06-03T05:07:04.444] [DEBUG] default - createNewJson | remove dupe
[2022-06-03T05:07:04.593] [INFO] default - createNewJson | done
[2022-06-03T05:07:04.598] [DEBUG] default - Fine [OLD JSON: 1303] [NEW DATA: 156] [NEW JSON: 1459] [NEW J. NO OLD: 1447] [NEW J. NO DUPE: 1302] [2022-06-03 07:07:04]
[2022-06-03T05:55:00.085] [INFO] default - Trigger Cron Schedule
[2022-06-03T05:55:00.087] [INFO] default - Inizio [2022-06-03 07:55:00]
[2022-06-03T05:56:10.248] [DEBUG] default - [1]_NFT SPOTTED [24]
[2022-06-03T05:56:11.985] [DEBUG] default - [4]_OUT_[16.51][12]
[2022-06-03T05:56:16.457] [DEBUG] default - [10]_OUT_[161.54][12]
[2022-06-03T05:57:54.895] [DEBUG] default - [19]_NFT SPOTTED [30]
[2022-06-03T05:59:53.292] [ERROR] default - [ERROR] [inspectToken] [CGkhTQTZig1m1pFSeb6P5Bo2aAApKQSV2eawc2iaYTop] AxiosError: Request failed with status code 504
[2022-06-03T06:00:22.216] [DEBUG] default - [21]_NFT SPOTTED [34]
[2022-06-03T06:00:50.255] [DEBUG] default - [22]_NFT SPOTTED [8]
[2022-06-03T06:00:54.816] [DEBUG] default - [23]_NFT SPOTTED [2]
[2022-06-03T06:01:25.055] [DEBUG] default - [24]_NFT SPOTTED [8]
[2022-06-03T06:02:20.738] [DEBUG] default - [25]_NFT SPOTTED [20]
[2022-06-03T06:02:21.905] [DEBUG] default - [27]_OUT_[188.74][12]
[2022-06-03T06:02:35.026] [DEBUG] default - [28]_NFT SPOTTED [4]
[2022-06-03T06:02:46.370] [DEBUG] default - [32]_NFT SPOTTED [2]
[2022-06-03T06:03:13.448] [DEBUG] default - [37]_OUT_[15.03][12]
[2022-06-03T06:03:30.755] [DEBUG] default - [42]_NFT SPOTTED [3]
[2022-06-03T06:03:31.963] [DEBUG] default - [44]_OUT_[344.78][12]
[2022-06-03T06:04:24.066] [DEBUG] default - [53]_NFT SPOTTED [6]
[2022-06-03T06:04:36.973] [DEBUG] default - [55]_NFT SPOTTED [4]
[2022-06-03T06:04:56.933] [DEBUG] default - [57]_NFT SPOTTED [5]
[2022-06-03T06:05:00.427] [DEBUG] default - [58]_NFT SPOTTED [1]
[2022-06-03T06:05:47.943] [DEBUG] default - [59]_NFT SPOTTED [21]
[2022-06-03T06:05:47.943] [INFO] default - createNewJson | start 0
[2022-06-03T06:05:47.943] [DEBUG] default - createNewJson | reading path [/home/runner/ODA-Inspector-Server/accountData/data.json]
[2022-06-03T06:05:47.944] [DEBUG] default - createNewJson | readed
[2022-06-03T06:05:47.947] [DEBUG] default - createNewJson | parsed
[2022-06-03T06:05:47.948] [DEBUG] default - createNewJson | concat
[2022-06-03T06:05:47.948] [DEBUG] default - createNewJson | remove old | max hours stored [120]
[2022-06-03T06:05:47.953] [DEBUG] default - createNewJson | remove dupe
[2022-06-03T06:05:48.098] [INFO] default - createNewJson | done
[2022-06-03T06:05:48.105] [DEBUG] default - Fine [OLD JSON: 1302] [NEW DATA: 162] [NEW JSON: 1464] [NEW J. NO OLD: 1449] [NEW J. NO DUPE: 1292] [2022-06-03 08:05:48]
[2022-06-03T06:55:00.692] [INFO] default - Trigger Cron Schedule
[2022-06-03T06:55:00.694] [INFO] default - Inizio [2022-06-03 08:55:00]
[2022-06-03T06:56:20.755] [DEBUG] default - [1]_NFT SPOTTED [27]
[2022-06-03T06:56:21.385] [DEBUG] default - [2]_OUT_[76.44][12]
[2022-06-03T06:56:32.442] [DEBUG] default - [7]_NFT SPOTTED [3]
[2022-06-03T06:56:37.242] [DEBUG] default - [15]_OUT_[78.14][12]
[2022-06-03T06:58:41.554] [DEBUG] default - [19]_NFT SPOTTED [45]
[2022-06-03T07:00:13.194] [DEBUG] default - [21]_NFT SPOTTED [34]
[2022-06-03T07:00:39.556] [DEBUG] default - [22]_NFT SPOTTED [7]
[2022-06-03T07:00:43.890] [DEBUG] default - [23]_NFT SPOTTED [2]
[2022-06-03T07:01:04.113] [DEBUG] default - [24]_NFT SPOTTED [9]
[2022-06-03T07:01:53.501] [DEBUG] default - [25]_NFT SPOTTED [15]
[2022-06-03T07:02:06.543] [DEBUG] default - [28]_NFT SPOTTED [4]
[2022-06-03T07:02:07.707] [DEBUG] default - [30]_OUT_[18.31][12]
[2022-06-03T07:02:15.696] [DEBUG] default - [32]_NFT SPOTTED [2]
[2022-06-03T07:02:52.051] [DEBUG] default - [42]_NFT SPOTTED [2]
[2022-06-03T07:02:53.223] [DEBUG] default - [44]_OUT_[345.76][12]
[2022-06-03T07:02:53.836] [DEBUG] default - [45]_OUT_[196.78][12]
[2022-06-03T07:03:10.285] [DEBUG] default - [48]_NFT SPOTTED [1]
[2022-06-03T07:03:50.451] [DEBUG] default - [53]_NFT SPOTTED [7]
[2022-06-03T07:04:02.735] [DEBUG] default - [55]_NFT SPOTTED [4]
[2022-06-03T07:04:25.298] [DEBUG] default - [56]_NFT SPOTTED [7]
[2022-06-03T07:04:53.139] [DEBUG] default - [57]_NFT SPOTTED [5]
[2022-06-03T07:04:55.543] [DEBUG] default - [58]_NFT SPOTTED [1]
[2022-06-03T07:05:44.025] [DEBUG] default - [59]_NFT SPOTTED [17]
[2022-06-03T07:05:44.025] [INFO] default - createNewJson | start 0
[2022-06-03T07:05:44.026] [DEBUG] default - createNewJson | reading path [/home/runner/ODA-Inspector-Server/accountData/data.json]
[2022-06-03T07:05:44.026] [DEBUG] default - createNewJson | readed
[2022-06-03T07:05:44.030] [DEBUG] default - createNewJson | parsed
[2022-06-03T07:05:44.030] [DEBUG] default - createNewJson | concat
[2022-06-03T07:05:44.030] [DEBUG] default - createNewJson | remove old | max hours stored [120]
[2022-06-03T07:05:44.034] [DEBUG] default - createNewJson | remove dupe
[2022-06-03T07:05:44.159] [INFO] default - createNewJson | done
[2022-06-03T07:05:44.167] [DEBUG] default - Fine [OLD JSON: 1292] [NEW DATA: 179] [NEW JSON: 1471] [NEW J. NO OLD: 1461] [NEW J. NO DUPE: 1312] [2022-06-03 09:05:44]
[2022-06-03T07:55:00.328] [INFO] default - Trigger Cron Schedule
[2022-06-03T07:55:00.329] [INFO] default - Inizio [2022-06-03 09:55:00]
[2022-06-03T07:56:29.279] [DEBUG] default - [1]_NFT SPOTTED [30]
[2022-06-03T07:56:31.637] [DEBUG] default - [4]_OUT_[18.51][12]
[2022-06-03T07:56:47.443] [DEBUG] default - [7]_NFT SPOTTED [5]
[2022-06-03T07:56:51.512] [DEBUG] default - [11]_OUT_[78.87][12]
[2022-06-03T07:59:05.165] [DEBUG] default - [19]_NFT SPOTTED [44]
[2022-06-03T08:00:14.272] [DEBUG] default - [21]_NFT SPOTTED [26]
[2022-06-03T08:00:28.245] [DEBUG] default - [22]_NFT SPOTTED [2]
[2022-06-03T08:00:31.624] [DEBUG] default - [23]_NFT SPOTTED [2]
[2022-06-03T08:00:45.664] [DEBUG] default - [24]_NFT SPOTTED [4]
[2022-06-03T08:01:31.053] [DEBUG] default - [25]_NFT SPOTTED [15]
[2022-06-03T08:01:52.963] [DEBUG] default - [28]_NFT SPOTTED [4]
[2022-06-03T08:01:53.606] [DEBUG] default - [29]_OUT_[162.10][12]
[2022-06-03T08:02:01.037] [DEBUG] default - [32]_NFT SPOTTED [2]
[2022-06-03T08:03:05.762] [DEBUG] default - [36]_OUT_[22.64][12]
[2022-06-03T08:03:08.183] [DEBUG] default - [39]_OUT_[42.21][12]
[2022-06-03T08:03:16.528] [DEBUG] default - [42]_NFT SPOTTED [2]
[2022-06-03T08:03:32.990] [DEBUG] default - [48]_NFT SPOTTED [1]
[2022-06-03T08:04:08.664] [DEBUG] default - [53]_NFT SPOTTED [6]
[2022-06-03T08:04:22.577] [DEBUG] default - [55]_NFT SPOTTED [4]
[2022-06-03T08:04:43.377] [DEBUG] default - [56]_NFT SPOTTED [7]
[2022-06-03T08:05:07.968] [DEBUG] default - [57]_NFT SPOTTED [5]
[2022-06-03T08:05:10.031] [DEBUG] default - [58]_NFT SPOTTED [1]
[2022-06-03T08:05:51.493] [DEBUG] default - [59]_NFT SPOTTED [18]
[2022-06-03T08:05:51.493] [INFO] default - createNewJson | start 0
[2022-06-03T08:05:51.493] [DEBUG] default - createNewJson | reading path [/home/runner/ODA-Inspector-Server/accountData/data.json]
[2022-06-03T08:05:51.493] [DEBUG] default - createNewJson | readed
[2022-06-03T08:05:51.498] [DEBUG] default - createNewJson | parsed
[2022-06-03T08:05:51.498] [DEBUG] default - createNewJson | concat
[2022-06-03T08:05:51.498] [DEBUG] default - createNewJson | remove old | max hours stored [120]
[2022-06-03T08:05:51.503] [DEBUG] default - createNewJson | remove dupe
[2022-06-03T08:05:51.654] [INFO] default - createNewJson | done
[2022-06-03T08:05:51.663] [DEBUG] default - Fine [OLD JSON: 1312] [NEW DATA: 165] [NEW JSON: 1477] [NEW J. NO OLD: 1468] [NEW J. NO DUPE: 1310] [2022-06-03 10:05:51]
[2022-06-03T08:55:00.920] [INFO] default - Trigger Cron Schedule
[2022-06-03T08:55:00.922] [INFO] default - Inizio [2022-06-03 10:55:00]
[2022-06-03T08:56:26.888] [DEBUG] default - [1]_NFT SPOTTED [29]
[2022-06-03T08:56:44.462] [DEBUG] default - [7]_NFT SPOTTED [5]
[2022-06-03T08:56:45.140] [DEBUG] default - [8]_OUT_[78.44][12]
[2022-06-03T08:56:45.793] [DEBUG] default - [9]_OUT_[91.01][12]
[2022-06-03T08:58:57.958] [DEBUG] default - [19]_NFT SPOTTED [41]
[2022-06-03T09:00:16.954] [DEBUG] default - [21]_NFT SPOTTED [34]
[2022-06-03T09:00:31.749] [DEBUG] default - [22]_NFT SPOTTED [2]
[2022-06-03T09:00:35.326] [DEBUG] default - [23]_NFT SPOTTED [2]
[2022-06-03T09:00:49.472] [DEBUG] default - [24]_NFT SPOTTED [4]
[2022-06-03T09:01:32.214] [DEBUG] default - [25]_NFT SPOTTED [15]
[2022-06-03T09:01:49.662] [DEBUG] default - [28]_NFT SPOTTED [4]
[2022-06-03T09:01:58.906] [DEBUG] default - [32]_NFT SPOTTED [2]
[2022-06-03T09:01:59.509] [DEBUG] default - [33]_OUT_[12.27][12]
[2022-06-03T09:02:02.488] [DEBUG] default - [36]_OUT_[23.63][12]
[2022-06-03T09:02:17.773] [DEBUG] default - [42]_NFT SPOTTED [2]
[2022-06-03T09:02:19.525] [DEBUG] default - [45]_OUT_[198.77][12]
[2022-06-03T09:02:25.721] [DEBUG] default - [48]_NFT SPOTTED [1]
[2022-06-03T09:02:34.053] [DEBUG] default - [49]_NFT SPOTTED [3]
[2022-06-03T09:03:07.348] [DEBUG] default - [53]_NFT SPOTTED [6]
[2022-06-03T09:03:16.707] [DEBUG] default - [55]_NFT SPOTTED [3]
[2022-06-03T09:03:35.696] [DEBUG] default - [56]_NFT SPOTTED [7]
[2022-06-03T09:03:55.994] [DEBUG] default - [57]_NFT SPOTTED [5]
[2022-06-03T09:03:58.165] [DEBUG] default - [58]_NFT SPOTTED [1]
[2022-06-03T09:04:15.219] [DEBUG] default - [59]_NFT SPOTTED [7]
[2022-06-03T09:04:15.219] [INFO] default - createNewJson | start 0
[2022-06-03T09:04:15.219] [DEBUG] default - createNewJson | reading path [/home/runner/ODA-Inspector-Server/accountData/data.json]
[2022-06-03T09:04:15.220] [DEBUG] default - createNewJson | readed
[2022-06-03T09:04:15.222] [DEBUG] default - createNewJson | parsed
[2022-06-03T09:04:15.223] [DEBUG] default - createNewJson | concat
[2022-06-03T09:04:15.223] [DEBUG] default - createNewJson | remove old | max hours stored [120]
[2022-06-03T09:04:15.228] [DEBUG] default - createNewJson | remove dupe
[2022-06-03T09:04:15.423] [INFO] default - createNewJson | done
[2022-06-03T09:04:15.437] [DEBUG] default - Fine [OLD JSON: 1310] [NEW DATA: 160] [NEW JSON: 1470] [NEW J. NO OLD: 1444] [NEW J. NO DUPE: 1287] [2022-06-03 11:04:15]
[2022-06-03T09:55:00.831] [INFO] default - Trigger Cron Schedule
[2022-06-03T09:55:00.833] [INFO] default - Inizio [2022-06-03 11:55:00]
[2022-06-03T09:57:25.883] [DEBUG] default - [1]_NFT SPOTTED [49]
[2022-06-03T09:57:27.083] [DEBUG] default - [3]_OUT_[28.25][12]
[2022-06-03T09:57:43.593] [DEBUG] default - [7]_NFT SPOTTED [5]
[2022-06-03T09:57:44.208] [DEBUG] default - [8]_OUT_[79.46][12]
[2022-06-03T09:57:47.736] [DEBUG] default - [12]_OUT_[23.08][12]
[2022-06-03T09:58:57.236] [ERROR] default - [ERROR] [inspectToken] [G7cGdy9myk82XVjnwUegRvra93WedRwxa4G2ZLRwka1o] AxiosError: Request failed with status code 504
[2022-06-03T10:01:18.008] [ERROR] default - [ERROR] [inspectToken] [GbKk7Tb95edEc1AqX1QpAjtzVi2LeU9R5F17WBJPLevf] AxiosError: Request failed with status code 504
[2022-06-03T10:03:12.427] [ERROR] default - [ERROR] [inspectToken] [HNRnkBnSWtVnRgVJ8TgSG1xfz8EUEtPd1wRkvgTdjb2x] AxiosError: Request failed with status code 504
[2022-06-03T10:03:34.851] [DEBUG] default - [19]_NFT SPOTTED [39]
[2022-06-03T10:05:42.239] [ERROR] default - [ERROR] [inspectToken] [L8kweSXJj7m22j7EdKzKgdwF2vaLjvaF9uSWUPCwoXd] AxiosError: Request failed with status code 504
[2022-06-03T10:06:13.620] [DEBUG] default - [21]_NFT SPOTTED [34]
[2022-06-03T10:06:28.087] [DEBUG] default - [22]_NFT SPOTTED [1]
[2022-06-03T10:06:33.337] [DEBUG] default - [23]_NFT SPOTTED [2]
[2022-06-03T10:07:45.754] [ERROR] default - [ERROR] [inspectToken] [4x9QrtAWK8o35fY6AGiWcdE634aQoPTNdcggwUUp1jHc] AxiosError: Request failed with status code 504
[2022-06-03T10:07:45.754] [DEBUG] default - [24]_NFT SPOTTED [4]
[2022-06-03T10:08:32.451] [DEBUG] default - [25]_NFT SPOTTED [10]
[2022-06-03T10:08:34.188] [DEBUG] default - [28]_OUT_[12.40][12]
[2022-06-03T10:08:40.709] [DEBUG] default - [32]_NFT SPOTTED [2]
[2022-06-03T10:08:45.797] [DEBUG] default - [36]_OUT_[24.74][12]
[2022-06-03T10:08:58.746] [DEBUG] default - [42]_NFT SPOTTED [2]
[2022-06-03T10:09:15.130] [DEBUG] default - [48]_NFT SPOTTED [1]
[2022-06-03T10:09:27.491] [DEBUG] default - [49]_NFT SPOTTED [3]
[2022-06-03T10:09:28.693] [DEBUG] default - [51]_OUT_[74.92][12]
[2022-06-03T10:10:01.083] [DEBUG] default - [53]_NFT SPOTTED [5]
[2022-06-03T10:10:01.778] [DEBUG] default - [54]_OUT_[12.24][12]
[2022-06-03T10:10:07.180] [DEBUG] default - [55]_NFT SPOTTED [2]
[2022-06-03T10:10:24.222] [DEBUG] default - [56]_NFT SPOTTED [6]
[2022-06-03T10:10:44.532] [DEBUG] default - [57]_NFT SPOTTED [5]
[2022-06-03T10:10:54.164] [DEBUG] default - [59]_NFT SPOTTED [4]
[2022-06-03T10:10:54.165] [INFO] default - createNewJson | start 0
[2022-06-03T10:10:54.165] [DEBUG] default - createNewJson | reading path [/home/runner/ODA-Inspector-Server/accountData/data.json]
[2022-06-03T10:10:54.165] [DEBUG] default - createNewJson | readed
[2022-06-03T10:10:54.167] [DEBUG] default - createNewJson | parsed
[2022-06-03T10:10:54.168] [DEBUG] default - createNewJson | concat
[2022-06-03T10:10:54.168] [DEBUG] default - createNewJson | remove old | max hours stored [120]
[2022-06-03T10:10:54.171] [DEBUG] default - createNewJson | remove dupe
[2022-06-03T10:10:54.231] [INFO] default - createNewJson | done
[2022-06-03T10:10:54.234] [DEBUG] default - Fine [OLD JSON: 1287] [NEW DATA: 157] [NEW JSON: 1444] [NEW J. NO OLD: 1436] [NEW J. NO DUPE: 1303] [2022-06-03 12:10:54]
[2022-06-03T10:55:00.613] [INFO] default - Trigger Cron Schedule
[2022-06-03T10:55:00.615] [INFO] default - Inizio [2022-06-03 12:55:00]
[2022-06-03T10:57:23.823] [DEBUG] default - [1]_NFT SPOTTED [49]
[2022-06-03T10:57:25.846] [DEBUG] default - [4]_OUT_[21.53][12]
[2022-06-03T10:57:32.594] [DEBUG] default - [7]_NFT SPOTTED [3]
[2022-06-03T10:57:35.605] [DEBUG] default - [12]_OUT_[24.07][12]
[2022-06-03T10:59:52.780] [DEBUG] default - [19]_NFT SPOTTED [41]
[2022-06-03T11:01:41.735] [DEBUG] default - [21]_NFT SPOTTED [34]
[2022-06-03T11:01:55.573] [DEBUG] default - [22]_NFT SPOTTED [1]
[2022-06-03T11:01:59.088] [DEBUG] default - [23]_NFT SPOTTED [2]
[2022-06-03T11:02:11.602] [DEBUG] default - [24]_NFT SPOTTED [4]
[2022-06-03T11:02:54.650] [DEBUG] default - [25]_NFT SPOTTED [10]
[2022-06-03T11:02:56.409] [DEBUG] default - [28]_OUT_[13.31][12]
[2022-06-03T11:03:05.953] [DEBUG] default - [32]_NFT SPOTTED [2]
[2022-06-03T11:03:09.483] [DEBUG] default - [36]_OUT_[25.64][12]
[2022-06-03T11:03:23.106] [DEBUG] default - [42]_NFT SPOTTED [2]
[2022-06-03T11:03:23.723] [DEBUG] default - [43]_OUT_[25.72][12]
[2022-06-03T11:03:26.797] [DEBUG] default - [47]_OUT_[43.94][12]
[2022-06-03T11:03:36.872] [DEBUG] default - [48]_NFT SPOTTED [1]
[2022-06-03T11:03:51.718] [DEBUG] default - [49]_NFT SPOTTED [3]
[2022-06-03T11:04:22.318] [DEBUG] default - [53]_NFT SPOTTED [5]
[2022-06-03T11:04:29.128] [DEBUG] default - [55]_NFT SPOTTED [2]
[2022-06-03T11:04:47.866] [DEBUG] default - [56]_NFT SPOTTED [7]
[2022-06-03T11:05:08.046] [DEBUG] default - [57]_NFT SPOTTED [4]
[2022-06-03T11:05:17.159] [DEBUG] default - [59]_NFT SPOTTED [3]
[2022-06-03T11:05:17.159] [INFO] default - createNewJson | start 0
[2022-06-03T11:05:17.159] [DEBUG] default - createNewJson | reading path [/home/runner/ODA-Inspector-Server/accountData/data.json]
[2022-06-03T11:05:17.160] [DEBUG] default - createNewJson | readed
[2022-06-03T11:05:17.163] [DEBUG] default - createNewJson | parsed
[2022-06-03T11:05:17.163] [DEBUG] default - createNewJson | concat
[2022-06-03T11:05:17.163] [DEBUG] default - createNewJson | remove old | max hours stored [120]
[2022-06-03T11:05:17.168] [DEBUG] default - createNewJson | remove dupe
[2022-06-03T11:05:17.373] [INFO] default - createNewJson | done
[2022-06-03T11:05:17.380] [DEBUG] default - Fine [OLD JSON: 1303] [NEW DATA: 161] [NEW JSON: 1464] [NEW J. NO OLD: 1461] [NEW J. NO DUPE: 1323] [2022-06-03 13:05:17]
[2022-06-03T11:55:00.411] [INFO] default - Trigger Cron Schedule
[2022-06-03T11:55:00.412] [INFO] default - Inizio [2022-06-03 13:55:00]
[2022-06-03T11:57:23.273] [DEBUG] default - [1]_NFT SPOTTED [49]
[2022-06-03T11:57:24.449] [DEBUG] default - [3]_OUT_[30.25][12]
[2022-06-03T11:57:25.056] [DEBUG] default - [4]_OUT_[22.53][12]
[2022-06-03T11:57:41.774] [DEBUG] default - [7]_NFT SPOTTED [5]
[2022-06-03T11:57:52.818] [DEBUG] default - [10]_OUT_[167.57][12]
[2022-06-03T11:57:53.460] [DEBUG] default - [11]_OUT_[82.89][12]
[2022-06-03T12:00:06.862] [DEBUG] default - [19]_NFT SPOTTED [41]
[2022-06-03T12:01:52.720] [DEBUG] default - [21]_NFT SPOTTED [34]
[2022-06-03T12:02:07.849] [DEBUG] default - [22]_NFT SPOTTED [1]
[2022-06-03T12:02:11.601] [DEBUG] default - [23]_NFT SPOTTED [2]
[2022-06-03T12:02:19.184] [DEBUG] default - [24]_NFT SPOTTED [2]
[2022-06-03T12:02:44.743] [DEBUG] default - [25]_NFT SPOTTED [3]
[2022-06-03T12:02:54.320] [DEBUG] default - [30]_OUT_[23.32][12]
[2022-06-03T12:02:59.969] [DEBUG] default - [32]_NFT SPOTTED [2]
[2022-06-03T12:03:03.473] [DEBUG] default - [36]_OUT_[26.64][12]
[2022-06-03T12:03:13.926] [DEBUG] default - [42]_NFT SPOTTED [1]
[2022-06-03T12:03:22.143] [DEBUG] default - [48]_NFT SPOTTED [1]
[2022-06-03T12:03:29.947] [DEBUG] default - [49]_NFT SPOTTED [3]
[2022-06-03T12:04:04.628] [DEBUG] default - [53]_NFT SPOTTED [5]
[2022-06-03T12:04:11.290] [DEBUG] default - [55]_NFT SPOTTED [2]
[2022-06-03T12:04:36.165] [DEBUG] default - [56]_NFT SPOTTED [8]
[2022-06-03T12:04:38.207] [DEBUG] default - [58]_OUT_[15.00][12]
[2022-06-03T12:04:41.437] [DEBUG] default - [59]_NFT SPOTTED [1]
[2022-06-03T12:04:41.438] [INFO] default - createNewJson | start 0
[2022-06-03T12:04:41.438] [DEBUG] default - createNewJson | reading path [/home/runner/ODA-Inspector-Server/accountData/data.json]
[2022-06-03T12:04:41.438] [DEBUG] default - createNewJson | readed
[2022-06-03T12:04:41.441] [DEBUG] default - createNewJson | parsed
[2022-06-03T12:04:41.444] [DEBUG] default - createNewJson | concat
[2022-06-03T12:04:41.444] [DEBUG] default - createNewJson | remove old | max hours stored [120]
[2022-06-03T12:04:41.451] [DEBUG] default - createNewJson | remove dupe
[2022-06-03T12:04:41.578] [INFO] default - createNewJson | done
[2022-06-03T12:04:41.584] [DEBUG] default - Fine [OLD JSON: 1323] [NEW DATA: 152] [NEW JSON: 1475] [NEW J. NO OLD: 1473] [NEW J. NO DUPE: 1324] [2022-06-03 14:04:41]
[2022-06-03T12:55:00.337] [INFO] default - Trigger Cron Schedule
[2022-06-03T12:55:00.339] [INFO] default - Inizio [2022-06-03 14:55:00]
[2022-06-03T12:57:16.053] [DEBUG] default - [1]_NFT SPOTTED [48]
[2022-06-03T12:57:36.436] [DEBUG] default - [7]_NFT SPOTTED [5]
[2022-06-03T12:57:38.210] [DEBUG] default - [10]_OUT_[168.56][12]
[2022-06-03T12:59:32.150] [DEBUG] default - [19]_NFT SPOTTED [33]
[2022-06-03T12:59:32.771] [DEBUG] default - [20]_OUT_[160.95][12]
[2022-06-03T12:59:33.390] [DEBUG] default - [21]_OUT_[12.08][12]
[2022-06-03T12:59:50.705] [DEBUG] default - [22]_NFT SPOTTED [1]
[2022-06-03T12:59:51.275] [DEBUG] default - [23]_OUT_[12.42][12]
[2022-06-03T13:00:06.128] [DEBUG] default - [25]_NFT SPOTTED [1]
[2022-06-03T13:00:06.753] [DEBUG] default - [26]_OUT_[73.89][12]
[2022-06-03T13:00:07.966] [DEBUG] default - [28]_OUT_[15.26][12]
[2022-06-03T13:00:12.928] [DEBUG] default - [30]_NFT SPOTTED [1]
[2022-06-03T13:00:24.453] [DEBUG] default - [32]_NFT SPOTTED [1]
[2022-06-03T13:00:30.770] [DEBUG] default - [40]_OUT_[86.55][12]
[2022-06-03T13:01:27.919] [DEBUG] default - [42]_NFT SPOTTED [23]
[2022-06-03T13:01:28.551] [DEBUG] default - [43]_OUT_[27.69][12]
[2022-06-03T13:01:30.280] [DEBUG] default - [46]_OUT_[12.75][12]
[2022-06-03T13:01:35.943] [DEBUG] default - [48]_NFT SPOTTED [1]
[2022-06-03T13:01:45.230] [DEBUG] default - [49]_NFT SPOTTED [3]
[2022-06-03T13:01:51.030] [DEBUG] default - [52]_OUT_[188.28][12]
[2022-06-03T13:02:06.453] [DEBUG] default - [53]_NFT SPOTTED [4]
[2022-06-03T13:02:15.769] [DEBUG] default - [55]_NFT SPOTTED [2]
[2022-06-03T13:02:29.302] [DEBUG] default - [56]_NFT SPOTTED [2]
[2022-06-03T13:02:34.223] [DEBUG] default - [59]_NFT SPOTTED [1]
[2022-06-03T13:02:34.223] [INFO] default - createNewJson | start 0
[2022-06-03T13:02:34.223] [DEBUG] default - createNewJson | reading path [/home/runner/ODA-Inspector-Server/accountData/data.json]
[2022-06-03T13:02:34.223] [DEBUG] default - createNewJson | readed
[2022-06-03T13:02:34.227] [DEBUG] default - createNewJson | parsed
[2022-06-03T13:02:34.228] [DEBUG] default - createNewJson | concat
[2022-06-03T13:02:34.228] [DEBUG] default - createNewJson | remove old | max hours stored [120]
[2022-06-03T13:02:34.232] [DEBUG] default - createNewJson | remove dupe
[2022-06-03T13:02:34.299] [INFO] default - createNewJson | done
[2022-06-03T13:02:34.305] [DEBUG] default - Fine [OLD JSON: 1324] [NEW DATA: 123] [NEW JSON: 1447] [NEW J. NO OLD: 1442] [NEW J. NO DUPE: 1345] [2022-06-03 15:02:34]
[2022-06-03T13:49:09.110] [INFO] default - Listening on port 3000 - run
[2022-06-03T13:49:09.203] [INFO] default - Inizio [2022-06-03 15:49:09]
[2022-06-03T13:51:35.406] [DEBUG] default - [1]_NFT SPOTTED [48]
[2022-06-03T13:52:05.342] [DEBUG] default - [7]_NFT SPOTTED [5]
[2022-06-03T13:52:06.550] [DEBUG] default - [9]_OUT_[95.93][12]
[2022-06-03T13:53:52.560] [DEBUG] default - [19]_NFT SPOTTED [35]
[2022-06-03T13:53:53.195] [DEBUG] default - [20]_OUT_[161.85][12]
[2022-06-03T13:53:53.854] [DEBUG] default - [21]_OUT_[12.98][12]
[2022-06-03T13:53:54.444] [DEBUG] default - [22]_OUT_[12.00][12]
[2022-06-03T13:54:05.792] [DEBUG] default - [25]_NFT SPOTTED [2]
[2022-06-03T13:54:11.796] [DEBUG] default - [30]_NFT SPOTTED [1]
[2022-06-03T13:54:30.087] [DEBUG] default - [31]_NFT SPOTTED [1]
[2022-06-03T13:54:34.942] [DEBUG] default - [32]_NFT SPOTTED [1]
[2022-06-03T13:54:43.595] [DEBUG] default - [40]_OUT_[87.46][12]
[2022-06-03T13:55:00.443] [INFO] default - Trigger Cron Schedule
[2022-06-03T13:55:00.446] [INFO] default - Inizio [2022-06-03 15:55:00]
[2022-06-03T13:55:42.609] [DEBUG] default - [42]_NFT SPOTTED [22]
[2022-06-03T13:55:43.891] [DEBUG] default - [44]_OUT_[352.65][12]
[2022-06-03T13:55:54.243] [DEBUG] default - [48]_NFT SPOTTED [1]
[2022-06-03T13:56:04.429] [DEBUG] default - [49]_NFT SPOTTED [3]
[2022-06-03T13:56:05.071] [DEBUG] default - [50]_OUT_[161.73][12]
[2022-06-03T13:56:07.494] [DEBUG] default - [1]_NFT SPOTTED [47]
[2022-06-03T13:56:08.113] [DEBUG] default - [2]_OUT_[83.44][12]
[2022-06-03T13:56:08.809] [DEBUG] default - [3]_OUT_[32.23][12]
[2022-06-03T13:56:16.270] [DEBUG] default - [53]_NFT SPOTTED [1]
[2022-06-03T13:56:19.384] [DEBUG] default - [7]_NFT SPOTTED [5]
[2022-06-03T13:56:22.594] [DEBUG] default - [55]_NFT SPOTTED [2]
[2022-06-03T13:56:56.807] [DEBUG] default - [56]_NFT SPOTTED [8]
[2022-06-03T13:56:57.379] [DEBUG] default - [57]_OUT_[12.67][12]
[2022-06-03T13:56:58.044] [DEBUG] default - [58]_OUT_[16.87][12]
[2022-06-03T13:57:06.026] [DEBUG] default - [59]_NFT SPOTTED [3]
[2022-06-03T13:57:06.027] [INFO] default - createNewJson | start 0
[2022-06-03T13:57:06.027] [DEBUG] default - createNewJson | reading path [/home/runner/ODA-Inspector-Server/accountData/data.json]
[2022-06-03T13:57:06.032] [DEBUG] default - createNewJson | readed
[2022-06-03T13:57:06.037] [DEBUG] default - createNewJson | parsed
[2022-06-03T13:57:06.037] [DEBUG] default - createNewJson | concat
[2022-06-03T13:57:06.037] [DEBUG] default - createNewJson | remove old | max hours stored [120]
[2022-06-03T13:57:06.042] [DEBUG] default - createNewJson | remove dupe
[2022-06-03T13:57:06.188] [INFO] default - createNewJson | done
[2022-06-03T13:57:06.193] [DEBUG] default - Fine [OLD JSON: 1345] [NEW DATA: 101] [NEW JSON: 1446] [NEW J. NO OLD: 1441] [NEW J. NO DUPE: 1343] [2022-06-03 15:57:06]
[2022-06-03T13:57:32.907] [DEBUG] default - [19]_NFT SPOTTED [36]
[2022-06-03T13:57:34.136] [DEBUG] default - [21]_OUT_[13.04][12]
[2022-06-03T13:57:34.720] [DEBUG] default - [22]_OUT_[12.07][12]
[2022-06-03T13:57:50.774] [DEBUG] default - [25]_NFT SPOTTED [3]
[2022-06-03T13:57:51.383] [DEBUG] default - [26]_OUT_[74.85][12]
[2022-06-03T13:57:52.016] [DEBUG] default - [27]_OUT_[196.67][12]
[2022-06-03T13:57:56.269] [DEBUG] default - [30]_NFT SPOTTED [1]
[2022-06-03T13:58:13.812] [DEBUG] default - [31]_NFT SPOTTED [1]
[2022-06-03T13:58:16.424] [DEBUG] default - [32]_NFT SPOTTED [1]
[2022-06-03T13:58:17.117] [DEBUG] default - [33]_OUT_[17.21][12]
[2022-06-03T13:58:17.729] [DEBUG] default - [34]_OUT_[235.88][12]
[2022-06-03T13:58:56.991] [DEBUG] default - [42]_NFT SPOTTED [22]
[2022-06-03T13:59:05.775] [DEBUG] default - [49]_NFT SPOTTED [3]
[2022-06-03T13:59:06.389] [DEBUG] default - [50]_OUT_[161.78][12]
[2022-06-03T13:59:17.450] [DEBUG] default - [53]_NFT SPOTTED [1]
[2022-06-03T13:59:21.891] [DEBUG] default - [55]_NFT SPOTTED [2]
[2022-06-03T13:59:42.216] [DEBUG] default - [56]_NFT SPOTTED [7]
[2022-06-03T13:59:45.380] [DEBUG] default - [57]_OUT_[12.72][12]
[2022-06-03T13:59:54.544] [DEBUG] default - [59]_NFT SPOTTED [3]
[2022-06-03T13:59:54.545] [INFO] default - createNewJson | start 0
[2022-06-03T13:59:54.545] [DEBUG] default - createNewJson | reading path [/home/runner/ODA-Inspector-Server/accountData/data.json]
[2022-06-03T13:59:54.545] [DEBUG] default - createNewJson | readed
[2022-06-03T13:59:54.549] [DEBUG] default - createNewJson | parsed
[2022-06-03T13:59:54.549] [DEBUG] default - createNewJson | concat
[2022-06-03T13:59:54.549] [DEBUG] default - createNewJson | remove old | max hours stored [120]
[2022-06-03T13:59:54.555] [DEBUG] default - createNewJson | remove dupe
[2022-06-03T13:59:54.995] [INFO] default - createNewJson | done
[2022-06-03T13:59:55.012] [DEBUG] default - Fine [OLD JSON: 1343] [NEW DATA: 159] [NEW JSON: 1502] [NEW J. NO OLD: 1502] [NEW J. NO DUPE: 1344] [2022-06-03 15:59:55]
[2022-06-03T14:18:40.835] [INFO] default - Listening on port 3000 - run
[2022-06-03T14:18:40.867] [INFO] default - Inizio [2022-06-03 16:18:40]
[2022-06-03T14:19:54.854] [DEBUG] default - [1]_NFT SPOTTED [48]
[2022-06-03T14:19:56.078] [DEBUG] default - [3]_OUT_[32.63][12]
[2022-06-03T14:19:56.739] [DEBUG] default - [4]_OUT_[24.90][12]
[2022-06-03T14:20:06.894] [DEBUG] default - [7]_NFT SPOTTED [5]
[2022-06-03T14:20:07.533] [DEBUG] default - [8]_OUT_[83.83][12]
[2022-06-03T14:20:08.718] [DEBUG] default - [10]_OUT_[169.94][12]
[2022-06-03T14:20:11.167] [DEBUG] default - [13]_OUT_[105.14][12]
[2022-06-03T14:20:12.355] [DEBUG] default - [15]_OUT_[85.53][12]
[2022-06-03T14:21:07.781] [DEBUG] default - [19]_NFT SPOTTED [33]
[2022-06-03T14:21:09.030] [DEBUG] default - [21]_OUT_[13.44][12]
[2022-06-03T14:21:09.731] [DEBUG] default - [22]_OUT_[12.46][12]
[2022-06-03T14:21:26.177] [DEBUG] default - [25]_NFT SPOTTED [3]
[2022-06-03T14:21:41.525] [DEBUG] default - [30]_NFT SPOTTED [4]
[2022-06-03T14:22:02.903] [DEBUG] default - [31]_NFT SPOTTED [1]
[2022-06-03T14:22:05.367] [DEBUG] default - [32]_NFT SPOTTED [1]
[2022-06-03T14:22:15.490] [DEBUG] default - [39]_NFT SPOTTED [2]
[2022-06-03T14:22:48.327] [DEBUG] default - [42]_NFT SPOTTED [22]
[2022-06-03T14:22:57.125] [DEBUG] default - [48]_NFT SPOTTED [1]
[2022-06-03T14:23:02.406] [DEBUG] default - [49]_NFT SPOTTED [3]
[2022-06-03T14:23:09.953] [DEBUG] default - [53]_OUT_[12.32][12]
[2022-06-03T14:23:14.272] [DEBUG] default - [55]_NFT SPOTTED [2]
[2022-06-03T14:23:34.519] [DEBUG] default - [56]_NFT SPOTTED [7]
[2022-06-03T14:23:35.153] [DEBUG] default - [57]_OUT_[13.11][12]
[2022-06-03T14:23:40.838] [DEBUG] default - [59]_NFT SPOTTED [3]
[2022-06-03T14:23:40.838] [INFO] default - createNewJson | start 0
[2022-06-03T14:23:40.839] [DEBUG] default - createNewJson | reading path [/home/runner/ODA-Inspector-Server/accountData/data.json]
[2022-06-03T14:23:40.840] [DEBUG] default - createNewJson | readed
[2022-06-03T14:23:40.843] [DEBUG] default - createNewJson | parsed
[2022-06-03T14:23:40.843] [DEBUG] default - createNewJson | concat
[2022-06-03T14:23:40.843] [DEBUG] default - createNewJson | remove old | max hours stored [120]
[2022-06-03T14:23:40.847] [DEBUG] default - createNewJson | remove dupe
[2022-06-03T14:23:40.938] [INFO] default - createNewJson | done
[2022-06-03T14:23:40.942] [DEBUG] default - Fine [OLD JSON: 1344] [NEW DATA: 132] [NEW JSON: 1476] [NEW J. NO OLD: 1471] [NEW J. NO DUPE: 1344] [2022-06-03 16:23:40]
[2022-06-03T14:55:00.201] [INFO] default - Trigger Cron Schedule
[2022-06-03T14:55:00.203] [INFO] default - Inizio [2022-06-03 16:55:00]
[2022-06-03T14:57:27.387] [DEBUG] default - [1]_NFT SPOTTED [47]
[2022-06-03T14:57:47.905] [DEBUG] default - [7]_NFT SPOTTED [5]
[2022-06-03T14:57:48.526] [DEBUG] default - [8]_OUT_[84.46][12]
[2022-06-03T14:57:55.655] [DEBUG] default - [12]_NFT SPOTTED [1]
[2022-06-03T14:57:56.284] [DEBUG] default - [13]_OUT_[105.77][12]
[2022-06-03T14:59:50.378] [DEBUG] default - [19]_NFT SPOTTED [33]
[2022-06-03T14:59:52.285] [DEBUG] default - [22]_OUT_[13.10][12]
[2022-06-03T15:00:08.168] [DEBUG] default - [25]_NFT SPOTTED [2]
[2022-06-03T15:00:29.045] [DEBUG] default - [30]_NFT SPOTTED [4]
[2022-06-03T15:01:04.638] [DEBUG] default - [32]_NFT SPOTTED [1]
[2022-06-03T15:01:08.193] [DEBUG] default - [35]_OUT_[12.42][12]
[2022-06-03T15:01:16.381] [DEBUG] default - [39]_NFT SPOTTED [2]
[2022-06-03T15:01:17.002] [DEBUG] default - [40]_OUT_[88.57][12]
[2022-06-03T15:02:21.280] [DEBUG] default - [42]_NFT SPOTTED [25]
[2022-06-03T15:02:23.773] [DEBUG] default - [45]_OUT_[204.77][12]
[2022-06-03T15:02:29.443] [DEBUG] default - [48]_NFT SPOTTED [1]
[2022-06-03T15:02:38.890] [DEBUG] default - [49]_NFT SPOTTED [3]
[2022-06-03T15:02:45.329] [DEBUG] default - [53]_NFT SPOTTED [1]
[2022-06-03T15:02:51.696] [DEBUG] default - [55]_NFT SPOTTED [2]
[2022-06-03T15:03:24.111] [DEBUG] default - [56]_NFT SPOTTED [8]
[2022-06-03T15:03:36.185] [DEBUG] default - [59]_NFT SPOTTED [3]
[2022-06-03T15:03:36.185] [INFO] default - createNewJson | start 0
[2022-06-03T15:03:36.185] [DEBUG] default - createNewJson | reading path [/home/runner/ODA-Inspector-Server/accountData/data.json]
[2022-06-03T15:03:36.186] [DEBUG] default - createNewJson | readed
[2022-06-03T15:03:36.189] [DEBUG] default - createNewJson | parsed
[2022-06-03T15:03:36.190] [DEBUG] default - createNewJson | concat
[2022-06-03T15:03:36.190] [DEBUG] default - createNewJson | remove old | max hours stored [120]
[2022-06-03T15:03:36.196] [DEBUG] default - createNewJson | remove dupe
[2022-06-03T15:03:36.297] [INFO] default - createNewJson | done
[2022-06-03T15:03:36.300] [DEBUG] default - Fine [OLD JSON: 1344] [NEW DATA: 134] [NEW JSON: 1478] [NEW J. NO OLD: 1474] [NEW J. NO DUPE: 1348] [2022-06-03 17:03:36]
[2022-06-03T15:45:53.277] [INFO] default - Listening on port 3000 - run
[2022-06-03T15:45:53.309] [INFO] default - Inizio [2022-06-03 17:45:53]
[2022-06-03T15:48:00.358] [DEBUG] default - [1]_NFT SPOTTED [49]
[2022-06-03T15:48:00.989] [DEBUG] default - [2]_OUT_[85.30][12]
[2022-06-03T15:48:19.120] [DEBUG] default - [7]_NFT SPOTTED [5]
[2022-06-03T15:48:25.580] [DEBUG] default - [12]_NFT SPOTTED [1]
[2022-06-03T15:48:26.191] [DEBUG] default - [13]_OUT_[106.61][12]
[2022-06-03T15:48:26.812] [DEBUG] default - [14]_OUT_[49.50][12]
[2022-06-03T15:50:19.073] [DEBUG] default - [19]_NFT SPOTTED [13]
[2022-06-03T15:50:33.728] [DEBUG] default - [25]_NFT SPOTTED [2]
[2022-06-03T15:50:34.376] [DEBUG] default - [26]_OUT_[76.73][12]
[2022-06-03T15:50:48.569] [DEBUG] default - [30]_NFT SPOTTED [4]
[2022-06-03T15:51:22.553] [DEBUG] default - [32]_NFT SPOTTED [1]
[2022-06-03T15:51:26.241] [DEBUG] default - [35]_OUT_[13.25][12]
[2022-06-03T15:51:33.180] [DEBUG] default - [39]_NFT SPOTTED [2]
[2022-06-03T15:52:32.844] [DEBUG] default - [42]_NFT SPOTTED [27]
[2022-06-03T15:52:40.152] [DEBUG] default - [48]_NFT SPOTTED [1]
[2022-06-03T15:52:49.509] [DEBUG] default - [49]_NFT SPOTTED [3]
[2022-06-03T15:52:58.369] [DEBUG] default - [53]_NFT SPOTTED [4]
[2022-06-03T15:52:59.623] [DEBUG] default - [55]_OUT_[12.54][12]
[2022-06-03T15:53:28.834] [DEBUG] default - [56]_NFT SPOTTED [7]
[2022-06-03T15:53:37.230] [DEBUG] default - [59]_NFT SPOTTED [2]
[2022-06-03T15:53:37.231] [INFO] default - createNewJson | start 0
[2022-06-03T15:53:37.231] [DEBUG] default - createNewJson | reading path [/home/runner/ODA-Inspector-Server/accountData/data.json]
[2022-06-03T15:53:37.232] [DEBUG] default - createNewJson | readed
[2022-06-03T15:53:37.241] [DEBUG] default - createNewJson | parsed
[2022-06-03T15:53:37.242] [DEBUG] default - createNewJson | concat
[2022-06-03T15:53:37.242] [DEBUG] default - createNewJson | remove old | max hours stored [120]
[2022-06-03T15:53:37.246] [DEBUG] default - createNewJson | remove dupe
[2022-06-03T15:53:37.322] [INFO] default - createNewJson | done
[2022-06-03T15:53:37.326] [DEBUG] default - Fine [OLD JSON: 1348] [NEW DATA: 118] [NEW JSON: 1466] [NEW J. NO OLD: 1456] [NEW J. NO DUPE: 1365] [2022-06-03 17:53:37]
[2022-06-03T15:55:00.573] [INFO] default - Trigger Cron Schedule
[2022-06-03T15:55:00.575] [INFO] default - Inizio [2022-06-03 17:55:00]
[2022-06-03T15:56:04.934] [DEBUG] default - [1]_NFT SPOTTED [49]
[2022-06-03T15:56:05.533] [DEBUG] default - [2]_OUT_[85.44][12]
[2022-06-03T15:56:18.888] [DEBUG] default - [12]_NFT SPOTTED [1]
[2022-06-03T15:57:02.678] [DEBUG] default - [19]_NFT SPOTTED [13]
[2022-06-03T15:57:15.704] [DEBUG] default - [25]_NFT SPOTTED [2]
[2022-06-03T15:57:24.784] [DEBUG] default - [30]_NFT SPOTTED [4]
[2022-06-03T15:58:00.780] [DEBUG] default - [35]_OUT_[13.36][12]
[2022-06-03T15:58:06.927] [DEBUG] default - [39]_NFT SPOTTED [2]
[2022-06-03T15:58:47.933] [DEBUG] default - [42]_NFT SPOTTED [27]
[2022-06-03T15:58:51.444] [DEBUG] default - [47]_OUT_[48.86][12]
[2022-06-03T15:58:54.067] [DEBUG] default - [48]_NFT SPOTTED [1]
[2022-06-03T15:58:59.061] [DEBUG] default - [49]_NFT SPOTTED [3]
[2022-06-03T15:59:09.733] [DEBUG] default - [53]_NFT SPOTTED [5]
[2022-06-03T15:59:10.375] [DEBUG] default - [54]_OUT_[18.06][12]
[2022-06-03T15:59:10.958] [DEBUG] default - [55]_OUT_[12.64][12]
[2022-06-03T15:59:33.643] [DEBUG] default - [56]_NFT SPOTTED [7]
[2022-06-03T15:59:39.229] [DEBUG] default - [59]_NFT SPOTTED [2]
[2022-06-03T15:59:39.229] [INFO] default - createNewJson | start 0
[2022-06-03T15:59:39.229] [DEBUG] default - createNewJson | reading path [/home/runner/ODA-Inspector-Server/accountData/data.json]
[2022-06-03T15:59:39.229] [DEBUG] default - createNewJson | readed
[2022-06-03T15:59:39.233] [DEBUG] default - createNewJson | parsed
[2022-06-03T15:59:39.234] [DEBUG] default - createNewJson | concat
[2022-06-03T15:59:39.234] [DEBUG] default - createNewJson | remove old | max hours stored [120]
[2022-06-03T15:59:39.238] [DEBUG] default - createNewJson | remove dupe
[2022-06-03T15:59:39.338] [INFO] default - createNewJson | done
[2022-06-03T15:59:39.342] [DEBUG] default - Fine [OLD JSON: 1365] [NEW DATA: 112] [NEW JSON: 1477] [NEW J. NO OLD: 1475] [NEW J. NO DUPE: 1364] [2022-06-03 17:59:39]
[2022-06-03T16:55:00.145] [INFO] default - Trigger Cron Schedule
[2022-06-03T16:55:00.146] [INFO] default - Inizio [2022-06-03 18:55:00]
[2022-06-03T16:57:14.992] [DEBUG] default - [1]_NFT SPOTTED [49]
[2022-06-03T16:57:24.111] [DEBUG] default - [7]_NFT SPOTTED [2]
[2022-06-03T16:57:31.753] [DEBUG] default - [12]_NFT SPOTTED [1]
[2022-06-03T16:58:39.601] [DEBUG] default - [19]_NFT SPOTTED [24]
[2022-06-03T16:58:57.980] [DEBUG] default - [25]_NFT SPOTTED [4]
[2022-06-03T17:00:03.282] [ERROR] default - [ERROR] [inspectToken] [9xG7TYJx1G47Q6qHTKg5zxBZeB1WJBXCtNn6im275s1S] AxiosError: Request failed with status code 504
[2022-06-03T17:01:03.672] [DEBUG] default - [30]_NFT SPOTTED [4]
[2022-06-03T17:01:36.848] [DEBUG] default - [31]_NFT SPOTTED [2]
[2022-06-03T17:01:42.481] [DEBUG] default - [32]_NFT SPOTTED [2]
[2022-06-03T17:01:45.986] [DEBUG] default - [35]_OUT_[14.43][12]
[2022-06-03T17:01:53.463] [DEBUG] default - [39]_NFT SPOTTED [2]
[2022-06-03T17:01:54.745] [DEBUG] default - [41]_OUT_[33.26][12]
[2022-06-03T17:02:51.750] [DEBUG] default - [42]_NFT SPOTTED [27]
[2022-06-03T17:02:54.849] [DEBUG] default - [46]_OUT_[16.78][12]
[2022-06-03T17:02:56.035] [DEBUG] default - [48]_OUT_[12.61][12]
[2022-06-03T17:03:07.376] [DEBUG] default - [49]_NFT SPOTTED [3]
[2022-06-03T17:03:38.336] [DEBUG] default - [53]_NFT SPOTTED [14]
[2022-06-03T17:03:51.761] [DEBUG] default - [56]_NFT SPOTTED [1]
[2022-06-03T17:03:53.076] [DEBUG] default - [58]_OUT_[19.99][12]
[2022-06-03T17:03:59.867] [DEBUG] default - [59]_NFT SPOTTED [2]
[2022-06-03T17:03:59.867] [INFO] default - createNewJson | start 0
[2022-06-03T17:03:59.867] [DEBUG] default - createNewJson | reading path [/home/runner/ODA-Inspector-Server/accountData/data.json]
[2022-06-03T17:03:59.868] [DEBUG] default - createNewJson | readed
[2022-06-03T17:03:59.873] [DEBUG] default - createNewJson | parsed
[2022-06-03T17:03:59.873] [DEBUG] default - createNewJson | concat
[2022-06-03T17:03:59.873] [DEBUG] default - createNewJson | remove old | max hours stored [120]
[2022-06-03T17:03:59.877] [DEBUG] default - createNewJson | remove dupe
[2022-06-03T17:03:59.981] [INFO] default - createNewJson | done
[2022-06-03T17:03:59.984] [DEBUG] default - Fine [OLD JSON: 1364] [NEW DATA: 136] [NEW JSON: 1500] [NEW J. NO OLD: 1464] [NEW J. NO DUPE: 1354] [2022-06-03 19:03:59]
[2022-06-03T17:55:00.685] [INFO] default - Trigger Cron Schedule
[2022-06-03T17:55:00.687] [INFO] default - Inizio [2022-06-03 19:55:00]
[2022-06-03T17:57:08.770] [ERROR] default - [ERROR] [inspectToken] [AyD2UCA4MPtsUdWucGwSfGNRNDK7b5pGPfm3wVqAjyop] AxiosError: Request failed with status code 504
[2022-06-03T17:58:38.580] [DEBUG] default - [1]_NFT SPOTTED [49]
[2022-06-03T17:58:51.700] [DEBUG] default - [2]_NFT SPOTTED [4]
[2022-06-03T17:59:06.255] [DEBUG] default - [12]_NFT SPOTTED [1]
[2022-06-03T18:00:28.253] [DEBUG] default - [19]_NFT SPOTTED [27]
[2022-06-03T18:00:44.611] [DEBUG] default - [25]_NFT SPOTTED [4]
[2022-06-03T18:00:56.608] [DEBUG] default - [30]_NFT SPOTTED [3]
[2022-06-03T18:01:29.205] [DEBUG] default - [31]_NFT SPOTTED [2]
[2022-06-03T18:01:42.734] [DEBUG] default - [32]_NFT SPOTTED [2]
[2022-06-03T18:02:58.602] [DEBUG] default - [33]_NFT SPOTTED [47]
[2022-06-03T18:03:07.356] [DEBUG] default - [39]_NFT SPOTTED [2]
[2022-06-03T18:04:09.055] [DEBUG] default - [42]_NFT SPOTTED [27]
[2022-06-03T18:04:24.434] [DEBUG] default - [49]_NFT SPOTTED [3]
[2022-06-03T18:04:26.219] [DEBUG] default - [52]_OUT_[193.32][12]
[2022-06-03T18:05:02.642] [DEBUG] default - [53]_NFT SPOTTED [20]
[2022-06-03T18:05:17.899] [DEBUG] default - [54]_NFT SPOTTED [5]
[2022-06-03T18:05:32.215] [DEBUG] default - [56]_NFT SPOTTED [1]
[2022-06-03T18:05:32.819] [DEBUG] default - [57]_OUT_[16.81][12]
[2022-06-03T18:05:40.773] [DEBUG] default - [59]_NFT SPOTTED [2]
[2022-06-03T18:05:40.773] [INFO] default - createNewJson | start 0
[2022-06-03T18:05:40.773] [DEBUG] default - createNewJson | reading path [/home/runner/ODA-Inspector-Server/accountData/data.json]
[2022-06-03T18:05:40.773] [DEBUG] default - createNewJson | readed
[2022-06-03T18:05:40.776] [DEBUG] default - createNewJson | parsed
[2022-06-03T18:05:40.776] [DEBUG] default - createNewJson | concat
[2022-06-03T18:05:40.777] [DEBUG] default - createNewJson | remove old | max hours stored [120]
[2022-06-03T18:05:40.780] [DEBUG] default - createNewJson | remove dupe
[2022-06-03T18:05:40.893] [INFO] default - createNewJson | done
[2022-06-03T18:05:40.897] [DEBUG] default - Fine [OLD JSON: 1354] [NEW DATA: 193] [NEW JSON: 1547] [NEW J. NO OLD: 1537] [NEW J. NO DUPE: 1411] [2022-06-03 20:05:40]
[2022-06-03T18:55:00.360] [INFO] default - Trigger Cron Schedule
[2022-06-03T18:55:00.361] [INFO] default - Inizio [2022-06-03 20:55:00]
[2022-06-03T18:56:18.785] [ERROR] default - [ERROR] [inspectToken] [2BpYijT8pBSPvxnrJZwvZs5fBm2bn2ysBUKCpdFqBdJJ] AxiosError: Request failed with status code 504
[2022-06-03T18:59:34.585] [ERROR] default - [ERROR] [inspectToken] [Cc89wbpuwFubqhyodcPSbGMbaMsCG6YP2TtLzdWsitJ1] AxiosError: Request failed with status code 504
[2022-06-03T18:59:47.156] [DEBUG] default - [1]_NFT SPOTTED [49]
[2022-06-03T19:00:00.794] [DEBUG] default - [2]_NFT SPOTTED [4]
[2022-06-03T19:00:06.322] [DEBUG] default - [9]_OUT_[101.07][12]
[2022-06-03T19:00:13.585] [DEBUG] default - [12]_NFT SPOTTED [1]
[2022-06-03T19:01:42.275] [DEBUG] default - [19]_NFT SPOTTED [31]
[2022-06-03T19:01:42.911] [DEBUG] default - [20]_OUT_[166.98][12]
[2022-06-03T19:02:06.249] [DEBUG] default - [25]_NFT SPOTTED [4]
[2022-06-03T19:02:06.869] [DEBUG] default - [26]_OUT_[79.92][12]
[2022-06-03T19:02:07.515] [DEBUG] default - [27]_OUT_[201.74][12]
[2022-06-03T19:02:28.407] [DEBUG] default - [30]_NFT SPOTTED [4]
[2022-06-03T19:03:02.600] [DEBUG] default - [31]_NFT SPOTTED [2]
[2022-06-03T19:03:10.666] [DEBUG] default - [32]_NFT SPOTTED [2]
[2022-06-03T19:04:28.729] [DEBUG] default - [33]_NFT SPOTTED [47]
[2022-06-03T19:04:31.401] [DEBUG] default - [35]_NFT SPOTTED [1]
[2022-06-03T19:04:38.711] [DEBUG] default - [39]_NFT SPOTTED [2]
[2022-06-03T19:06:17.320] [ERROR] default - [ERROR] [inspectToken] [ECcvatGXCUrA3dtvABM4jTW4KobqqyikAELP2HTzFKeY] AxiosError: Request failed with status code 504
[2022-06-03T19:06:49.045] [DEBUG] default - [42]_NFT SPOTTED [27]
[2022-06-03T19:06:55.965] [DEBUG] default - [49]_OUT_[12.17][12]
[2022-06-03T19:07:39.269] [DEBUG] default - [53]_NFT SPOTTED [23]
[2022-06-03T19:07:53.991] [DEBUG] default - [54]_NFT SPOTTED [5]
[2022-06-03T19:08:08.585] [DEBUG] default - [56]_NFT SPOTTED [1]
[2022-06-03T19:08:15.201] [DEBUG] default - [59]_NFT SPOTTED [2]
[2022-06-03T19:08:15.201] [INFO] default - createNewJson | start 0
[2022-06-03T19:08:15.201] [DEBUG] default - createNewJson | reading path [/home/runner/ODA-Inspector-Server/accountData/data.json]
[2022-06-03T19:08:15.201] [DEBUG] default - createNewJson | readed
[2022-06-03T19:08:15.207] [DEBUG] default - createNewJson | parsed
[2022-06-03T19:08:15.208] [DEBUG] default - createNewJson | concat
[2022-06-03T19:08:15.208] [DEBUG] default - createNewJson | remove old | max hours stored [120]
[2022-06-03T19:08:15.212] [DEBUG] default - createNewJson | remove dupe
[2022-06-03T19:08:15.287] [INFO] default - createNewJson | done
[2022-06-03T19:08:15.291] [DEBUG] default - Fine [OLD JSON: 1411] [NEW DATA: 197] [NEW JSON: 1608] [NEW J. NO OLD: 1587] [NEW J. NO DUPE: 1400] [2022-06-03 21:08:15]
[2022-06-03T19:55:00.923] [INFO] default - Trigger Cron Schedule
[2022-06-03T19:55:00.924] [INFO] default - Inizio [2022-06-03 21:55:00]
[2022-06-03T19:57:14.037] [DEBUG] default - [1]_NFT SPOTTED [49]
[2022-06-03T19:57:26.150] [DEBUG] default - [2]_NFT SPOTTED [4]
[2022-06-03T19:57:26.797] [DEBUG] default - [3]_OUT_[38.25][12]
[2022-06-03T19:57:43.874] [DEBUG] default - [12]_NFT SPOTTED [1]
[2022-06-03T19:59:18.877] [DEBUG] default - [19]_NFT SPOTTED [33]
[2022-06-03T19:59:41.178] [DEBUG] default - [25]_NFT SPOTTED [4]
[2022-06-03T19:59:58.508] [DEBUG] default - [30]_NFT SPOTTED [4]
[2022-06-03T20:00:31.309] [DEBUG] default - [31]_NFT SPOTTED [2]
[2022-06-03T20:00:35.601] [DEBUG] default - [32]_NFT SPOTTED [2]
[2022-06-03T20:02:04.671] [DEBUG] default - [33]_NFT SPOTTED [46]
[2022-06-03T20:02:10.364] [DEBUG] default - [35]_NFT SPOTTED [1]
[2022-06-03T20:02:19.340] [DEBUG] default - [39]_NFT SPOTTED [2]
[2022-06-03T20:02:19.930] [DEBUG] default - [40]_OUT_[93.58][12]
[2022-06-03T20:02:20.553] [DEBUG] default - [41]_OUT_[36.27][12]
[2022-06-03T20:03:18.080] [DEBUG] default - [42]_NFT SPOTTED [27]
[2022-06-03T20:03:22.302] [DEBUG] default - [44]_OUT_[358.77][12]
[2022-06-03T20:03:23.490] [DEBUG] default - [46]_OUT_[19.78][12]
[2022-06-03T20:03:29.823] [DEBUG] default - [49]_OUT_[13.11][12]
[2022-06-03T20:04:10.943] [DEBUG] default - [53]_NFT SPOTTED [23]
[2022-06-03T20:04:26.554] [DEBUG] default - [54]_NFT SPOTTED [5]
[2022-06-03T20:04:39.977] [DEBUG] default - [56]_NFT SPOTTED [1]
[2022-06-03T20:04:48.315] [DEBUG] default - [59]_NFT SPOTTED [2]
[2022-06-03T20:04:48.315] [INFO] default - createNewJson | start 0
[2022-06-03T20:04:48.315] [DEBUG] default - createNewJson | reading path [/home/runner/ODA-Inspector-Server/accountData/data.json]
[2022-06-03T20:04:48.315] [DEBUG] default - createNewJson | readed
[2022-06-03T20:04:48.320] [DEBUG] default - createNewJson | parsed
[2022-06-03T20:04:48.320] [DEBUG] default - createNewJson | concat
[2022-06-03T20:04:48.320] [DEBUG] default - createNewJson | remove old | max hours stored [120]
[2022-06-03T20:04:48.324] [DEBUG] default - createNewJson | remove dupe
[2022-06-03T20:04:48.450] [INFO] default - createNewJson | done
[2022-06-03T20:04:48.453] [DEBUG] default - Fine [OLD JSON: 1400] [NEW DATA: 201] [NEW JSON: 1601] [NEW J. NO OLD: 1591] [NEW J. NO DUPE: 1424] [2022-06-03 22:04:48]
